Log file open, 03/16/20 01:18:46
LogWindows: Failed to load 'aqProf.dll' (GetLastError=126)
LogWindows: File 'aqProf.dll' does not exist
LogWindows: Failed to load 'VtuneApi.dll' (GetLastError=126)
LogWindows: File 'VtuneApi.dll' does not exist
LogWindows: Failed to load 'VtuneApi32e.dll' (GetLastError=126)
LogWindows: File 'VtuneApi32e.dll' does not exist
LogConsoleResponse: Display: Failed to find resolution value strings in scalability ini. Falling back to default.
LogInit: Display: Running engine for game: ArenaBattle
LogPakFile: Registered encryption key '00000000000000000000000000000000': 0 pak files mounted, 0 remain pending
LogPlatformFile: Not using cached read wrapper
LogTaskGraph: Started task graph with 5 named threads and 23 total threads with 3 sets of task threads.
LogStats: Stats thread started at 0.382816
LogD3D11RHI: Loaded GFSDK_Aftermath_Lib.x64.dll
LogICUInternationalization: ICU TimeZone Detection - Raw Offset: +9:00, Platform Override: ''
LogPluginManager: Mounting plugin Paper2D
LogPluginManager: Mounting plugin AISupport
LogPluginManager: Mounting plugin LightPropagationVolume
LogPluginManager: Mounting plugin ActorLayerUtilities
LogPluginManager: Mounting plugin AnimationSharing
LogPluginManager: Mounting plugin CLionSourceCodeAccess
LogPluginManager: Mounting plugin CodeLiteSourceCodeAccess
LogPluginManager: Mounting plugin GitSourceControl
LogPluginManager: Mounting plugin KDevelopSourceCodeAccess
LogPluginManager: Mounting plugin NullSourceCodeAccess
LogPluginManager: Mounting plugin PerforceSourceControl
LogPluginManager: Mounting plugin SubversionSourceControl
LogPluginManager: Mounting plugin UObjectPlugin
LogPluginManager: Mounting plugin VisualStudioCodeSourceCodeAccess
LogPluginManager: Mounting plugin VisualStudioSourceCodeAccess
LogPluginManager: Mounting plugin XCodeSourceCodeAccess
LogPluginManager: Mounting plugin AssetManagerEditor
LogPluginManager: Mounting plugin CryptoKeys
LogPluginManager: Mounting plugin DataValidation
LogPluginManager: Mounting plugin FacialAnimation
LogPluginManager: Mounting plugin GameplayTagsEditor
LogPluginManager: Mounting plugin MacGraphicsSwitching
LogPluginManager: Mounting plugin MaterialAnalyzer
LogPluginManager: Mounting plugin MobileLauncherProfileWizard
LogPluginManager: Mounting plugin PluginBrowser
LogPluginManager: Mounting plugin SpeedTreeImporter
LogPluginManager: Mounting plugin DatasmithContent
LogPluginManager: Mounting plugin VariantManagerContent
LogPluginManager: Mounting plugin AlembicImporter
LogPluginManager: Mounting plugin AppleImageUtils
LogPluginManager: Mounting plugin AppleVision
LogPluginManager: Mounting plugin BackChannel
LogPluginManager: Mounting plugin CharacterAI
LogPluginManager: Mounting plugin GeometryCache
LogPluginManager: Mounting plugin HTML5Networking
LogPluginManager: Mounting plugin ProxyLODPlugin
LogPluginManager: Mounting plugin SkeletalReduction
LogPluginManager: Mounting plugin MagicLeap
LogPluginManager: Mounting plugin MagicLeapMedia
LogPluginManager: Mounting plugin AndroidMedia
LogPluginManager: Mounting plugin AvfMedia
LogPluginManager: Mounting plugin ImgMedia
LogPluginManager: Mounting plugin LinearTimecode
LogPluginManager: Mounting plugin MediaCompositing
LogPluginManager: Mounting plugin MediaPlayerEditor
LogPluginManager: Mounting plugin WebMMedia
LogPluginManager: Mounting plugin WmfMedia
LogPluginManager: Mounting plugin TcpMessaging
LogPluginManager: Mounting plugin UdpMessaging
LogPluginManager: Mounting plugin ActorSequence
LogPluginManager: Mounting plugin LevelSequenceEditor
LogPluginManager: Mounting plugin MatineeToLevelSequence
LogPluginManager: Mounting plugin NetcodeUnitTest
LogPluginManager: Mounting plugin NUTUnrealEngine4
LogPluginManager: Mounting plugin OnlineSubsystemGooglePlay
LogPluginManager: Mounting plugin OnlineSubsystemIOS
LogPluginManager: Mounting plugin OnlineSubsystem
LogPluginManager: Mounting plugin OnlineSubsystemNull
LogPluginManager: Mounting plugin OnlineSubsystemUtils
LogPluginManager: Mounting plugin LauncherChunkInstaller
LogPluginManager: Mounting plugin AndroidDeviceProfileSelector
LogPluginManager: Mounting plugin AndroidMoviePlayer
LogPluginManager: Mounting plugin AndroidPermission
LogPluginManager: Mounting plugin AppleMoviePlayer
LogPluginManager: Mounting plugin ArchVisCharacter
LogPluginManager: Mounting plugin AudioCapture
LogPluginManager: Mounting plugin CableComponent
LogPluginManager: Mounting plugin CustomMeshComponent
LogPluginManager: Mounting plugin EditableMesh
LogPluginManager: Mounting plugin ExampleDeviceProfileSelector
LogPluginManager: Mounting plugin Firebase
LogPluginManager: Mounting plugin GoogleCloudMessaging
LogPluginManager: Mounting plugin IOSDeviceProfileSelector
LogPluginManager: Mounting plugin LinuxDeviceProfileSelector
LogPluginManager: Mounting plugin LocationServicesBPLibrary
LogPluginManager: Mounting plugin MobilePatchingUtils
LogPluginManager: Mounting plugin OculusVR
LogPluginManager: Mounting plugin PhysXVehicles
LogPluginManager: Mounting plugin ProceduralMeshComponent
LogPluginManager: Mounting plugin RuntimePhysXCooking
LogPluginManager: Mounting plugin SignificanceManager
LogPluginManager: Mounting plugin SteamVR
LogPluginManager: Mounting plugin WebMMoviePlayer
LogPluginManager: Mounting plugin WindowsMoviePlayer
LogInit: Using libcurl 7.55.1-DEV
LogInit:  - built for x86_64-pc-win32
LogInit:  - supports SSL with OpenSSL/1.1.1
LogInit:  - supports HTTP deflate (compression) using libz 1.2.8
LogInit:  - other features:
LogInit:      CURL_VERSION_SSL
LogInit:      CURL_VERSION_LIBZ
LogInit:      CURL_VERSION_IPV6
LogInit:      CURL_VERSION_ASYNCHDNS
LogInit:      CURL_VERSION_LARGEFILE
LogInit:      CURL_VERSION_IDN
LogInit:  CurlRequestOptions (configurable via config and command line):
LogInit:  - bVerifyPeer = true  - Libcurl will verify peer certificate
LogInit:  - bUseHttpProxy = false  - Libcurl will NOT use HTTP proxy
LogInit:  - bDontReuseConnections = false  - Libcurl will reuse connections
LogInit:  - MaxHostConnections = 16  - Libcurl will limit the number of connections to a host
LogInit:  - LocalHostAddr = Default
LogInit:  - BufferSize = 65536
LogInit: WinSock: version 1.1 (2.2), MaxSocks=32767, MaxUdp=65467
LogInit: Build: ++UE4+Release-4.22-CL-7053642
LogInit: Engine Version: 4.22.3-7053642+++UE4+Release-4.22
LogInit: Compatible Engine Version: 4.22.0-5660361+++UE4+Release-4.22
LogInit: Net CL: 5660361
LogInit: OS: Windows 10 (Release 1903) (), CPU: Intel(R) Core(TM) i7-4790K CPU @ 4.00GHz, GPU: NVIDIA GeForce GTX 970
LogInit: Compiled (64-bit): Jun 18 2019 03:09:11
LogInit: Compiled with Visual C++: 19.16.27025.01
LogInit: Build Configuration: Development
LogInit: Branch Name: ++UE4+Release-4.22
LogInit: Command Line: 
LogInit: Base Directory: G:/Epic Games/UE_4.22/Engine/Binaries/Win64/
LogInit: Installed Engine Build: 1
LogDevObjectVersion: Number of dev versions registered: 23
LogDevObjectVersion:   Dev-Blueprints (B0D832E4-1F89-4F0D-ACCF-7EB736FD4AA2): 10
LogDevObjectVersion:   Dev-Build (E1C64328-A22C-4D53-A36C-8E866417BD8C): 0
LogDevObjectVersion:   Dev-Core (375EC13C-06E4-48FB-B500-84F0262A717E): 3
LogDevObjectVersion:   Dev-Editor (E4B068ED-F494-42E9-A231-DA0B2E46BB41): 30
LogDevObjectVersion:   Dev-Framework (CFFC743F-43B0-4480-9391-14DF171D2073): 35
LogDevObjectVersion:   Dev-Mobile (B02B49B5-BB20-44E9-A304-32B752E40360): 2
LogDevObjectVersion:   Dev-Networking (A4E4105C-59A1-49B5-A7C5-40C4547EDFEE): 0
LogDevObjectVersion:   Dev-Online (39C831C9-5AE6-47DC-9A44-9C173E1C8E7C): 0
LogDevObjectVersion:   Dev-Physics (78F01B33-EBEA-4F98-B9B4-84EACCB95AA2): 0
LogDevObjectVersion:   Dev-Platform (6631380F-2D4D-43E0-8009-CF276956A95A): 0
LogDevObjectVersion:   Dev-Rendering (12F88B9F-8875-4AFC-A67C-D90C383ABD29): 28
LogDevObjectVersion:   Dev-Sequencer (7B5AE74C-D270-4C10-A958-57980B212A5A): 11
LogDevObjectVersion:   Dev-VR (D7296918-1DD6-4BDD-9DE2-64A83CC13884): 2
LogDevObjectVersion:   Dev-LoadTimes (C2A15278-BFE7-4AFE-6C17-90FF531DF755): 1
LogDevObjectVersion:   Private-Geometry (6EACA3D4-40EC-4CC1-B786-8BED09428FC5): 3
LogDevObjectVersion:   Dev-AnimPhys (29E575DD-E0A3-4627-9D10-D276232CDCEA): 17
LogDevObjectVersion:   Dev-Anim (AF43A65D-7FD3-4947-9873-3E8ED9C1BB05): 2
LogDevObjectVersion:   Dev-ReflectionCapture (6B266CEC-1EC7-4B8F-A30B-E4D90942FC07): 1
LogDevObjectVersion:   Dev-Automation (0DF73D61-A23F-47EA-B727-89E90C41499A): 1
LogDevObjectVersion:   FortniteMain (601D1886-AC64-4F84-AA16-D3DE0DEAC7D6): 25
LogDevObjectVersion:   Dev-Enterprise (9DFFBCD6-494F-0158-E221-12823C92A888): 6
LogDevObjectVersion:   Dev-Niagara (F2AED0AC-9AFE-416F-8664-AA7FFA26D6FC): 1
LogDevObjectVersion:   Dev-Destruction (174F1F0B-B4C6-45A5-B13F-2EE8D0FB917D): 2
LogInit: Presizing for max 16777216 objects, including 0 objects not considered by GC, pre-allocating 0 bytes for permanent pool.
LogInit: Object subsystem initialized
LogConfig: Setting CVar [[con.DebugEarlyDefault:1]]
LogConfig: Setting CVar [[r.setres:1280x720]]
[2020.03.15-16.18.49:650][  0]LogConfig: Setting CVar [[r.VSync:0]]
[2020.03.15-16.18.49:650][  0]LogConfig: Setting CVar [[r.RHICmdBypass:0]]
[2020.03.15-16.18.49:650][  0]LogConfig: Applying CVar settings from Section [/Script/Engine.RendererSettings] File [C:/Users/ldh94/Desktop/UnrealEngineStudy/Saved/Config/Windows/Engine.ini]
[2020.03.15-16.18.49:650][  0]LogConfig: Setting CVar [[r.GPUCrashDebugging:0]]
[2020.03.15-16.18.49:650][  0]LogConfig: Applying CVar settings from Section [/Script/Engine.RendererOverrideSettings] File [C:/Users/ldh94/Desktop/UnrealEngineStudy/Saved/Config/Windows/Engine.ini]
[2020.03.15-16.18.49:650][  0]LogConfig: Applying CVar settings from Section [/Script/Engine.StreamingSettings] File [C:/Users/ldh94/Desktop/UnrealEngineStudy/Saved/Config/Windows/Engine.ini]
[2020.03.15-16.18.49:650][  0]LogConfig: Setting CVar [[s.MinBulkDataSizeForAsyncLoading:131072]]
[2020.03.15-16.18.49:650][  0]LogConfig: Setting CVar [[s.AsyncLoadingThreadEnabled:0]]
[2020.03.15-16.18.49:650][  0]LogConfig: Setting CVar [[s.EventDrivenLoaderEnabled:1]]
[2020.03.15-16.18.49:650][  0]LogConfig: Setting CVar [[s.WarnIfTimeLimitExceeded:0]]
[2020.03.15-16.18.49:650][  0]LogConfig: Setting CVar [[s.TimeLimitExceededMultiplier:1.5]]
[2020.03.15-16.18.49:650][  0]LogConfig: Setting CVar [[s.TimeLimitExceededMinTime:0.005]]
[2020.03.15-16.18.49:650][  0]LogConfig: Setting CVar [[s.UseBackgroundLevelStreaming:1]]
[2020.03.15-16.18.49:650][  0]LogConfig: Setting CVar [[s.PriorityAsyncLoadingExtraTime:15.0]]
[2020.03.15-16.18.49:650][  0]LogConfig: Setting CVar [[s.LevelStreamingActorsUpdateTimeLimit:5.0]]
[2020.03.15-16.18.49:650][  0]LogConfig: Setting CVar [[s.PriorityLevelStreamingActorsUpdateExtraTime:5.0]]
[2020.03.15-16.18.49:650][  0]LogConfig: Setting CVar [[s.LevelStreamingComponentsRegistrationGranularity:10]]
[2020.03.15-16.18.49:650][  0]LogConfig: Setting CVar [[s.UnregisterComponentsTimeLimit:1.0]]
[2020.03.15-16.18.49:650][  0]LogConfig: Setting CVar [[s.LevelStreamingComponentsUnregistrationGranularity:5]]
[2020.03.15-16.18.49:651][  0]LogConfig: Applying CVar settings from Section [/Script/Engine.GarbageCollectionSettings] File [C:/Users/ldh94/Desktop/UnrealEngineStudy/Saved/Config/Windows/Engine.ini]
[2020.03.15-16.18.49:651][  0]LogConfig: Setting CVar [[gc.MaxObjectsNotConsideredByGC:1]]
[2020.03.15-16.18.49:651][  0]LogConfig: Setting CVar [[gc.SizeOfPermanentObjectPool:0]]
[2020.03.15-16.18.49:651][  0]LogConfig: Setting CVar [[gc.FlushStreamingOnGC:0]]
[2020.03.15-16.18.49:651][  0]LogConfig: Setting CVar [[gc.NumRetriesBeforeForcingGC:10]]
[2020.03.15-16.18.49:651][  0]LogConfig: Setting CVar [[gc.AllowParallelGC:1]]
[2020.03.15-16.18.49:651][  0]LogConfig: Setting CVar [[gc.TimeBetweenPurgingPendingKillObjects:61.1]]
[2020.03.15-16.18.49:651][  0]LogConfig: Setting CVar [[gc.MaxObjectsInEditor:16777216]]
[2020.03.15-16.18.49:651][  0]LogConfig: Setting CVar [[gc.IncrementalBeginDestroyEnabled:1]]
[2020.03.15-16.18.49:651][  0]LogConfig: Setting CVar [[gc.CreateGCClusters:1]]
[2020.03.15-16.18.49:651][  0]LogConfig: Setting CVar [[gc.MinGCClusterSize:5]]
[2020.03.15-16.18.49:651][  0]LogConfig: Setting CVar [[gc.ActorClusteringEnabled:0]]
[2020.03.15-16.18.49:651][  0]LogConfig: Setting CVar [[gc.BlueprintClusteringEnabled:0]]
[2020.03.15-16.18.49:651][  0]LogConfig: Setting CVar [[gc.UseDisregardForGCOnDedicatedServers:0]]
[2020.03.15-16.18.49:651][  0]LogConfig: Applying CVar settings from Section [/Script/Engine.NetworkSettings] File [C:/Users/ldh94/Desktop/UnrealEngineStudy/Saved/Config/Windows/Engine.ini]
[2020.03.15-16.18.49:651][  0]LogConfig: Applying CVar settings from Section [/Script/UnrealEd.CookerSettings] File [C:/Users/ldh94/Desktop/UnrealEngineStudy/Saved/Config/Windows/Engine.ini]
[2020.03.15-16.18.49:721][  0]LogConfig: Applying CVar settings from Section [ViewDistanceQuality@3] File [C:/Users/ldh94/Desktop/UnrealEngineStudy/Saved/Config/Windows/Scalability.ini]
[2020.03.15-16.18.49:721][  0]LogConfig: Setting CVar [[r.SkeletalMeshLODBias:0]]
[2020.03.15-16.18.49:721][  0]LogConfig: Setting CVar [[r.ViewDistanceScale:1.0]]
[2020.03.15-16.18.49:721][  0]LogConfig: Applying CVar settings from Section [AntiAliasingQuality@3] File [C:/Users/ldh94/Desktop/UnrealEngineStudy/Saved/Config/Windows/Scalability.ini]
[2020.03.15-16.18.49:721][  0]LogConfig: Setting CVar [[r.PostProcessAAQuality:4]]
[2020.03.15-16.18.49:721][  0]LogConfig: Applying CVar settings from Section [ShadowQuality@3] File [C:/Users/ldh94/Desktop/UnrealEngineStudy/Saved/Config/Windows/Scalability.ini]
[2020.03.15-16.18.49:721][  0]LogConfig: Setting CVar [[r.LightFunctionQuality:1]]
[2020.03.15-16.18.49:721][  0]LogConfig: Setting CVar [[r.ShadowQuality:5]]
[2020.03.15-16.18.49:721][  0]LogConfig: Setting CVar [[r.Shadow.CSM.MaxCascades:10]]
[2020.03.15-16.18.49:721][  0]LogConfig: Setting CVar [[r.Shadow.MaxResolution:2048]]
[2020.03.15-16.18.49:721][  0]LogConfig: Setting CVar [[r.Shadow.MaxCSMResolution:2048]]
[2020.03.15-16.18.49:721][  0]LogConfig: Setting CVar [[r.Shadow.RadiusThreshold:0.01]]
[2020.03.15-16.18.49:721][  0]LogConfig: Setting CVar [[r.Shadow.DistanceScale:1.0]]
[2020.03.15-16.18.49:721][  0]LogConfig: Setting CVar [[r.Shadow.CSM.TransitionScale:1.0]]
[2020.03.15-16.18.49:721][  0]LogConfig: Setting CVar [[r.Shadow.PreShadowResolutionFactor:1.0]]
[2020.03.15-16.18.49:721][  0]LogConfig: Setting CVar [[r.DistanceFieldShadowing:1]]
[2020.03.15-16.18.49:721][  0]LogConfig: Setting CVar [[r.DistanceFieldAO:1]]
[2020.03.15-16.18.49:721][  0]LogConfig: Setting CVar [[r.AOQuality:2]]
[2020.03.15-16.18.49:721][  0]LogConfig: Setting CVar [[r.VolumetricFog:1]]
[2020.03.15-16.18.49:721][  0]LogConfig: Setting CVar [[r.VolumetricFog.GridPixelSize:8]]
[2020.03.15-16.18.49:721][  0]LogConfig: Setting CVar [[r.VolumetricFog.GridSizeZ:128]]
[2020.03.15-16.18.49:721][  0]LogConfig: Setting CVar [[r.VolumetricFog.HistoryMissSupersampleCount:4]]
[2020.03.15-16.18.49:721][  0]LogConfig: Setting CVar [[r.LightMaxDrawDistanceScale:1]]
[2020.03.15-16.18.49:721][  0]LogConfig: Setting CVar [[r.CapsuleShadows:1]]
[2020.03.15-16.18.49:721][  0]LogConfig: Applying CVar settings from Section [PostProcessQuality@3] File [C:/Users/ldh94/Desktop/UnrealEngineStudy/Saved/Config/Windows/Scalability.ini]
[2020.03.15-16.18.49:721][  0]LogConfig: Setting CVar [[r.MotionBlurQuality:4]]
[2020.03.15-16.18.49:721][  0]LogConfig: Setting CVar [[r.AmbientOcclusionMipLevelFactor:0.4]]
[2020.03.15-16.18.49:721][  0]LogConfig: Setting CVar [[r.AmbientOcclusionMaxQuality:100]]
[2020.03.15-16.18.49:721][  0]LogConfig: Setting CVar [[r.AmbientOcclusionLevels:-1]]
[2020.03.15-16.18.49:721][  0]LogConfig: Setting CVar [[r.AmbientOcclusionRadiusScale:1.0]]
[2020.03.15-16.18.49:721][  0]LogConfig: Setting CVar [[r.DepthOfFieldQuality:2]]
[2020.03.15-16.18.49:721][  0]LogConfig: Setting CVar [[r.RenderTargetPoolMin:400]]
[2020.03.15-16.18.49:721][  0]LogConfig: Setting CVar [[r.LensFlareQuality:2]]
[2020.03.15-16.18.49:721][  0]LogConfig: Setting CVar [[r.SceneColorFringeQuality:1]]
[2020.03.15-16.18.49:721][  0]LogConfig: Setting CVar [[r.EyeAdaptationQuality:2]]
[2020.03.15-16.18.49:721][  0]LogConfig: Setting CVar [[r.BloomQuality:5]]
[2020.03.15-16.18.49:721][  0]LogConfig: Setting CVar [[r.FastBlurThreshold:100]]
[2020.03.15-16.18.49:721][  0]LogConfig: Setting CVar [[r.Upscale.Quality:3]]
[2020.03.15-16.18.49:721][  0]LogConfig: Setting CVar [[r.Tonemapper.GrainQuantization:1]]
[2020.03.15-16.18.49:721][  0]LogConfig: Setting CVar [[r.LightShaftQuality:1]]
[2020.03.15-16.18.49:721][  0]LogConfig: Setting CVar [[r.Filter.SizeScale:1]]
[2020.03.15-16.18.49:721][  0]LogConfig: Setting CVar [[r.Tonemapper.Quality:5]]
[2020.03.15-16.18.49:721][  0]LogConfig: Setting CVar [[r.DOF.Gather.AccumulatorQuality:1        ; higher gathering accumulator quality]]
[2020.03.15-16.18.49:721][  0]LogConfig: Setting CVar [[r.DOF.Gather.PostfilterMethod:1          ; Median3x3 postfilering method]]
[2020.03.15-16.18.49:721][  0]LogConfig: Setting CVar [[r.DOF.Gather.EnableBokehSettings:0       ; no bokeh simulation when gathering]]
[2020.03.15-16.18.49:721][  0]LogConfig: Setting CVar [[r.DOF.Gather.RingCount:4                 ; medium number of samples when gathering]]
[2020.03.15-16.18.49:721][  0]LogConfig: Setting CVar [[r.DOF.Scatter.ForegroundCompositing:1    ; additive foreground scattering]]
[2020.03.15-16.18.49:721][  0]LogConfig: Setting CVar [[r.DOF.Scatter.BackgroundCompositing:2    ; additive background scattering]]
[2020.03.15-16.18.49:721][  0]LogConfig: Setting CVar [[r.DOF.Scatter.EnableBokehSettings:1      ; bokeh simulation when scattering]]
[2020.03.15-16.18.49:721][  0]LogConfig: Setting CVar [[r.DOF.Scatter.MaxSpriteRatio:0.1         ; only a maximum of 10% of scattered bokeh]]
[2020.03.15-16.18.49:721][  0]LogConfig: Setting CVar [[r.DOF.Recombine.Quality:1                ; cheap slight out of focus]]
[2020.03.15-16.18.49:721][  0]LogConfig: Setting CVar [[r.DOF.Recombine.EnableBokehSettings:0    ; no bokeh simulation on slight out of focus]]
[2020.03.15-16.18.49:721][  0]LogConfig: Setting CVar [[r.DOF.TemporalAAQuality:1                ; more stable temporal accumulation]]
[2020.03.15-16.18.49:721][  0]LogConfig: Setting CVar [[r.DOF.Kernel.MaxForegroundRadius:0.025]]
[2020.03.15-16.18.49:721][  0]LogConfig: Setting CVar [[r.DOF.Kernel.MaxBackgroundRadius:0.025]]
[2020.03.15-16.18.49:721][  0]LogConfig: Applying CVar settings from Section [TextureQuality@3] File [C:/Users/ldh94/Desktop/UnrealEngineStudy/Saved/Config/Windows/Scalability.ini]
[2020.03.15-16.18.49:721][  0]LogConfig: Setting CVar [[r.Streaming.MipBias:0]]
[2020.03.15-16.18.49:721][  0]LogConfig: Setting CVar [[r.Streaming.AmortizeCPUToGPUCopy:0]]
[2020.03.15-16.18.49:721][  0]LogConfig: Setting CVar [[r.Streaming.MaxNumTexturesToStreamPerFrame:0]]
[2020.03.15-16.18.49:721][  0]LogConfig: Setting CVar [[r.Streaming.Boost:1]]
[2020.03.15-16.18.49:721][  0]LogConfig: Setting CVar [[r.MaxAnisotropy:8]]
[2020.03.15-16.18.49:721][  0]LogConfig: Setting CVar [[r.Streaming.LimitPoolSizeToVRAM:0]]
[2020.03.15-16.18.49:721][  0]LogConfig: Setting CVar [[r.Streaming.PoolSize:1000]]
[2020.03.15-16.18.49:721][  0]LogConfig: Setting CVar [[r.Streaming.MaxEffectiveScreenSize:0]]
[2020.03.15-16.18.49:721][  0]LogConfig: Applying CVar settings from Section [EffectsQuality@3] File [C:/Users/ldh94/Desktop/UnrealEngineStudy/Saved/Config/Windows/Scalability.ini]
[2020.03.15-16.18.49:721][  0]LogConfig: Setting CVar [[r.TranslucencyLightingVolumeDim:64]]
[2020.03.15-16.18.49:721][  0]LogConfig: Setting CVar [[r.RefractionQuality:2]]
[2020.03.15-16.18.49:721][  0]LogConfig: Setting CVar [[r.SSR.Quality:3]]
[2020.03.15-16.18.49:721][  0]LogConfig: Setting CVar [[r.SceneColorFormat:4]]
[2020.03.15-16.18.49:721][  0]LogConfig: Setting CVar [[r.DetailMode:2]]
[2020.03.15-16.18.49:721][  0]LogConfig: Setting CVar [[r.TranslucencyVolumeBlur:1]]
[2020.03.15-16.18.49:721][  0]LogConfig: Setting CVar [[r.MaterialQualityLevel:1 ; High quality]]
[2020.03.15-16.18.49:721][  0]LogConfig: Setting CVar [[r.SSS.Scale:1]]
[2020.03.15-16.18.49:721][  0]LogConfig: Setting CVar [[r.SSS.SampleSet:2]]
[2020.03.15-16.18.49:721][  0]LogConfig: Setting CVar [[r.SSS.Quality:1]]
[2020.03.15-16.18.49:721][  0]LogConfig: Setting CVar [[r.SSS.HalfRes:1]]
[2020.03.15-16.18.49:721][  0]LogConfig: Setting CVar [[r.EmitterSpawnRateScale:1.0]]
[2020.03.15-16.18.49:722][  0]LogConfig: Setting CVar [[r.ParticleLightQuality:2]]
[2020.03.15-16.18.49:722][  0]LogConfig: Applying CVar settings from Section [FoliageQuality@3] File [C:/Users/ldh94/Desktop/UnrealEngineStudy/Saved/Config/Windows/Scalability.ini]
[2020.03.15-16.18.49:722][  0]LogConfig: Setting CVar [[foliage.DensityScale:1.0]]
[2020.03.15-16.18.49:722][  0]LogConfig: Setting CVar [[grass.DensityScale:1.0]]
[2020.03.15-16.18.49:722][  0]LogInit: Selected Device Profile: [Windows]
[2020.03.15-16.18.49:723][  0]LogInit: Applying CVar settings loaded from the selected device profile: [Windows]
[2020.03.15-16.18.49:784][  0]LogHAL: Display: Platform has ~ 16 GB [17048588288 / 17179869184 / 16], which maps to Larger [LargestMinGB=32, LargerMinGB=12, DefaultMinGB=8, SmallerMinGB=6, SmallestMinGB=0)
[2020.03.15-16.18.49:785][  0]LogConfig: Setting CVar [[r.Vulkan.UseRealUBs:0		; Required until we fix HLR fall-out]]
[2020.03.15-16.18.49:785][  0]LogInit: Going up to parent DeviceProfile []
[2020.03.15-16.18.49:786][  0]LogConfig: Applying CVar settings from Section [ViewDistanceQuality@3] File [C:/Users/ldh94/Desktop/UnrealEngineStudy/Saved/Config/Windows/Scalability.ini]
[2020.03.15-16.18.49:786][  0]LogConfig: Setting CVar [[r.SkeletalMeshLODBias:0]]
[2020.03.15-16.18.49:786][  0]LogConfig: Setting CVar [[r.ViewDistanceScale:1.0]]
[2020.03.15-16.18.49:786][  0]LogConfig: Applying CVar settings from Section [AntiAliasingQuality@3] File [C:/Users/ldh94/Desktop/UnrealEngineStudy/Saved/Config/Windows/Scalability.ini]
[2020.03.15-16.18.49:786][  0]LogConfig: Setting CVar [[r.PostProcessAAQuality:4]]
[2020.03.15-16.18.49:786][  0]LogConfig: Applying CVar settings from Section [ShadowQuality@3] File [C:/Users/ldh94/Desktop/UnrealEngineStudy/Saved/Config/Windows/Scalability.ini]
[2020.03.15-16.18.49:786][  0]LogConfig: Setting CVar [[r.LightFunctionQuality:1]]
[2020.03.15-16.18.49:786][  0]LogConfig: Setting CVar [[r.ShadowQuality:5]]
[2020.03.15-16.18.49:786][  0]LogConfig: Setting CVar [[r.Shadow.CSM.MaxCascades:10]]
[2020.03.15-16.18.49:786][  0]LogConfig: Setting CVar [[r.Shadow.MaxResolution:2048]]
[2020.03.15-16.18.49:786][  0]LogConfig: Setting CVar [[r.Shadow.MaxCSMResolution:2048]]
[2020.03.15-16.18.49:786][  0]LogConfig: Setting CVar [[r.Shadow.RadiusThreshold:0.01]]
[2020.03.15-16.18.49:786][  0]LogConfig: Setting CVar [[r.Shadow.DistanceScale:1.0]]
[2020.03.15-16.18.49:786][  0]LogConfig: Setting CVar [[r.Shadow.CSM.TransitionScale:1.0]]
[2020.03.15-16.18.49:786][  0]LogConfig: Setting CVar [[r.Shadow.PreShadowResolutionFactor:1.0]]
[2020.03.15-16.18.49:786][  0]LogConfig: Setting CVar [[r.DistanceFieldShadowing:1]]
[2020.03.15-16.18.49:786][  0]LogConfig: Setting CVar [[r.DistanceFieldAO:1]]
[2020.03.15-16.18.49:786][  0]LogConfig: Setting CVar [[r.AOQuality:2]]
[2020.03.15-16.18.49:786][  0]LogConfig: Setting CVar [[r.VolumetricFog:1]]
[2020.03.15-16.18.49:786][  0]LogConfig: Setting CVar [[r.VolumetricFog.GridPixelSize:8]]
[2020.03.15-16.18.49:786][  0]LogConfig: Setting CVar [[r.VolumetricFog.GridSizeZ:128]]
[2020.03.15-16.18.49:786][  0]LogConfig: Setting CVar [[r.VolumetricFog.HistoryMissSupersampleCount:4]]
[2020.03.15-16.18.49:786][  0]LogConfig: Setting CVar [[r.LightMaxDrawDistanceScale:1]]
[2020.03.15-16.18.49:786][  0]LogConfig: Setting CVar [[r.CapsuleShadows:1]]
[2020.03.15-16.18.49:786][  0]LogConfig: Applying CVar settings from Section [PostProcessQuality@3] File [C:/Users/ldh94/Desktop/UnrealEngineStudy/Saved/Config/Windows/Scalability.ini]
[2020.03.15-16.18.49:786][  0]LogConfig: Setting CVar [[r.MotionBlurQuality:4]]
[2020.03.15-16.18.49:786][  0]LogConfig: Setting CVar [[r.AmbientOcclusionMipLevelFactor:0.4]]
[2020.03.15-16.18.49:786][  0]LogConfig: Setting CVar [[r.AmbientOcclusionMaxQuality:100]]
[2020.03.15-16.18.49:786][  0]LogConfig: Setting CVar [[r.AmbientOcclusionLevels:-1]]
[2020.03.15-16.18.49:786][  0]LogConfig: Setting CVar [[r.AmbientOcclusionRadiusScale:1.0]]
[2020.03.15-16.18.49:786][  0]LogConfig: Setting CVar [[r.DepthOfFieldQuality:2]]
[2020.03.15-16.18.49:786][  0]LogConfig: Setting CVar [[r.RenderTargetPoolMin:400]]
[2020.03.15-16.18.49:786][  0]LogConfig: Setting CVar [[r.LensFlareQuality:2]]
[2020.03.15-16.18.49:786][  0]LogConfig: Setting CVar [[r.SceneColorFringeQuality:1]]
[2020.03.15-16.18.49:786][  0]LogConfig: Setting CVar [[r.EyeAdaptationQuality:2]]
[2020.03.15-16.18.49:786][  0]LogConfig: Setting CVar [[r.BloomQuality:5]]
[2020.03.15-16.18.49:786][  0]LogConfig: Setting CVar [[r.FastBlurThreshold:100]]
[2020.03.15-16.18.49:786][  0]LogConfig: Setting CVar [[r.Upscale.Quality:3]]
[2020.03.15-16.18.49:786][  0]LogConfig: Setting CVar [[r.Tonemapper.GrainQuantization:1]]
[2020.03.15-16.18.49:786][  0]LogConfig: Setting CVar [[r.LightShaftQuality:1]]
[2020.03.15-16.18.49:786][  0]LogConfig: Setting CVar [[r.Filter.SizeScale:1]]
[2020.03.15-16.18.49:786][  0]LogConfig: Setting CVar [[r.Tonemapper.Quality:5]]
[2020.03.15-16.18.49:786][  0]LogConfig: Setting CVar [[r.DOF.Gather.AccumulatorQuality:1        ; higher gathering accumulator quality]]
[2020.03.15-16.18.49:786][  0]LogConfig: Setting CVar [[r.DOF.Gather.PostfilterMethod:1          ; Median3x3 postfilering method]]
[2020.03.15-16.18.49:786][  0]LogConfig: Setting CVar [[r.DOF.Gather.EnableBokehSettings:0       ; no bokeh simulation when gathering]]
[2020.03.15-16.18.49:786][  0]LogConfig: Setting CVar [[r.DOF.Gather.RingCount:4                 ; medium number of samples when gathering]]
[2020.03.15-16.18.49:786][  0]LogConfig: Setting CVar [[r.DOF.Scatter.ForegroundCompositing:1    ; additive foreground scattering]]
[2020.03.15-16.18.49:786][  0]LogConfig: Setting CVar [[r.DOF.Scatter.BackgroundCompositing:2    ; additive background scattering]]
[2020.03.15-16.18.49:786][  0]LogConfig: Setting CVar [[r.DOF.Scatter.EnableBokehSettings:1      ; bokeh simulation when scattering]]
[2020.03.15-16.18.49:786][  0]LogConfig: Setting CVar [[r.DOF.Scatter.MaxSpriteRatio:0.1         ; only a maximum of 10% of scattered bokeh]]
[2020.03.15-16.18.49:786][  0]LogConfig: Setting CVar [[r.DOF.Recombine.Quality:1                ; cheap slight out of focus]]
[2020.03.15-16.18.49:786][  0]LogConfig: Setting CVar [[r.DOF.Recombine.EnableBokehSettings:0    ; no bokeh simulation on slight out of focus]]
[2020.03.15-16.18.49:786][  0]LogConfig: Setting CVar [[r.DOF.TemporalAAQuality:1                ; more stable temporal accumulation]]
[2020.03.15-16.18.49:786][  0]LogConfig: Setting CVar [[r.DOF.Kernel.MaxForegroundRadius:0.025]]
[2020.03.15-16.18.49:786][  0]LogConfig: Setting CVar [[r.DOF.Kernel.MaxBackgroundRadius:0.025]]
[2020.03.15-16.18.49:786][  0]LogConfig: Applying CVar settings from Section [TextureQuality@3] File [C:/Users/ldh94/Desktop/UnrealEngineStudy/Saved/Config/Windows/Scalability.ini]
[2020.03.15-16.18.49:786][  0]LogConfig: Setting CVar [[r.Streaming.MipBias:0]]
[2020.03.15-16.18.49:786][  0]LogConfig: Setting CVar [[r.Streaming.AmortizeCPUToGPUCopy:0]]
[2020.03.15-16.18.49:786][  0]LogConfig: Setting CVar [[r.Streaming.MaxNumTexturesToStreamPerFrame:0]]
[2020.03.15-16.18.49:786][  0]LogConfig: Setting CVar [[r.Streaming.Boost:1]]
[2020.03.15-16.18.49:786][  0]LogConfig: Setting CVar [[r.MaxAnisotropy:8]]
[2020.03.15-16.18.49:786][  0]LogConfig: Setting CVar [[r.Streaming.LimitPoolSizeToVRAM:0]]
[2020.03.15-16.18.49:786][  0]LogConfig: Setting CVar [[r.Streaming.PoolSize:1000]]
[2020.03.15-16.18.49:786][  0]LogConfig: Setting CVar [[r.Streaming.MaxEffectiveScreenSize:0]]
[2020.03.15-16.18.49:786][  0]LogConfig: Applying CVar settings from Section [EffectsQuality@3] File [C:/Users/ldh94/Desktop/UnrealEngineStudy/Saved/Config/Windows/Scalability.ini]
[2020.03.15-16.18.49:786][  0]LogConfig: Setting CVar [[r.TranslucencyLightingVolumeDim:64]]
[2020.03.15-16.18.49:786][  0]LogConfig: Setting CVar [[r.RefractionQuality:2]]
[2020.03.15-16.18.49:786][  0]LogConfig: Setting CVar [[r.SSR.Quality:3]]
[2020.03.15-16.18.49:786][  0]LogConfig: Setting CVar [[r.SceneColorFormat:4]]
[2020.03.15-16.18.49:786][  0]LogConfig: Setting CVar [[r.DetailMode:2]]
[2020.03.15-16.18.49:786][  0]LogConfig: Setting CVar [[r.TranslucencyVolumeBlur:1]]
[2020.03.15-16.18.49:786][  0]LogConfig: Setting CVar [[r.MaterialQualityLevel:1 ; High quality]]
[2020.03.15-16.18.49:786][  0]LogConfig: Setting CVar [[r.SSS.Scale:1]]
[2020.03.15-16.18.49:786][  0]LogConfig: Setting CVar [[r.SSS.SampleSet:2]]
[2020.03.15-16.18.49:786][  0]LogConfig: Setting CVar [[r.SSS.Quality:1]]
[2020.03.15-16.18.49:786][  0]LogConfig: Setting CVar [[r.SSS.HalfRes:1]]
[2020.03.15-16.18.49:787][  0]LogConfig: Setting CVar [[r.EmitterSpawnRateScale:1.0]]
[2020.03.15-16.18.49:787][  0]LogConfig: Setting CVar [[r.ParticleLightQuality:2]]
[2020.03.15-16.18.49:787][  0]LogConfig: Applying CVar settings from Section [FoliageQuality@3] File [C:/Users/ldh94/Desktop/UnrealEngineStudy/Saved/Config/Windows/Scalability.ini]
[2020.03.15-16.18.49:787][  0]LogConfig: Setting CVar [[foliage.DensityScale:1.0]]
[2020.03.15-16.18.49:787][  0]LogConfig: Setting CVar [[grass.DensityScale:1.0]]
[2020.03.15-16.18.49:787][  0]LogConfig: Applying CVar settings from Section [Startup] File [../../../Engine/Config/ConsoleVariables.ini]
[2020.03.15-16.18.49:817][  0]LogConfig: Setting CVar [[net.UseAdaptiveNetUpdateFrequency:0]]
[2020.03.15-16.18.49:817][  0]LogConfig: Setting CVar [[p.chaos.AllowCreatePhysxBodies:1]]
[2020.03.15-16.18.49:817][  0]LogConfig: Applying CVar settings from Section [ConsoleVariables] File [C:/Users/ldh94/Desktop/UnrealEngineStudy/Saved/Config/Windows/Engine.ini]
[2020.03.15-16.18.49:824][  0]LogInit: Computer: DESKTOP-4VST1MF
[2020.03.15-16.18.49:824][  0]LogInit: User: ldh94
[2020.03.15-16.18.49:824][  0]LogInit: CPU Page size=4096, Cores=4
[2020.03.15-16.18.49:825][  0]LogInit: High frequency timer resolution =10.000000 MHz
[2020.03.15-16.18.49:825][  0]LogMemory: Memory total: Physical=15.9GB (16GB approx)
[2020.03.15-16.18.49:825][  0]LogMemory: Platform Memory Stats for Windows
[2020.03.15-16.18.49:825][  0]LogMemory: Process Physical Memory: 97.76 MB used, 97.77 MB peak
[2020.03.15-16.18.49:825][  0]LogMemory: Process Virtual Memory: 91.06 MB used, 91.06 MB peak
[2020.03.15-16.18.49:825][  0]LogMemory: Physical Memory: 3565.18 MB used,  12693.62 MB free, 16258.80 MB total
[2020.03.15-16.18.49:825][  0]LogMemory: Virtual Memory: 4648.32 MB used,  134213080.00 MB free, 134217728.00 MB total
[2020.03.15-16.18.50:518][  0]LogInit: Using OS detected language (ko-KR).
[2020.03.15-16.18.50:518][  0]LogInit: Using OS detected locale (ko-KR).
[2020.03.15-16.18.50:595][  0]LogTextLocalizationManager: No specific localization for 'ko-KR' exists, so the 'ko' localization will be used.
[2020.03.15-16.18.51:038][  0]LogInit: Setting process to per monitor DPI aware
[2020.03.15-16.18.51:664][  0]LogSlate: New Slate User Created.  User Index 0, Is Virtual User: 0
[2020.03.15-16.18.51:664][  0]LogSlate: Slate User Registered.  User Index 0, Is Virtual User: 0
[2020.03.15-16.18.54:329][  0]LogHMD: Failed to initialize OpenVR with code 110
[2020.03.15-16.18.54:329][  0]LogD3D11RHI: D3D11 adapters:
[2020.03.15-16.18.54:398][  0]LogD3D11RHI:    0. 'NVIDIA GeForce GTX 970' (Feature Level 11_0)
[2020.03.15-16.18.54:398][  0]LogD3D11RHI:       4043/0/8129 MB DedicatedVideo/DedicatedSystem/SharedSystem, Outputs:2, VendorId:0x10de
[2020.03.15-16.18.54:406][  0]LogD3D11RHI:    1. 'Intel(R) HD Graphics 4600' (Feature Level 11_0)
[2020.03.15-16.18.54:406][  0]LogD3D11RHI:       112/0/2048 MB DedicatedVideo/DedicatedSystem/SharedSystem, Outputs:0, VendorId:0x8086
[2020.03.15-16.18.54:410][  0]LogD3D11RHI:    2. 'Microsoft Basic Render Driver' (Feature Level 11_0)
[2020.03.15-16.18.54:410][  0]LogD3D11RHI:       0/0/8129 MB DedicatedVideo/DedicatedSystem/SharedSystem, Outputs:0, VendorId:0x1414
[2020.03.15-16.18.54:410][  0]LogD3D11RHI: Chosen D3D11 Adapter: 0
[2020.03.15-16.18.54:417][  0]LogD3D11RHI: Creating new Direct3DDevice
[2020.03.15-16.18.54:417][  0]LogD3D11RHI:     GPU DeviceId: 0x13c2 (for the marketing name, search the web for "GPU Device Id")
[2020.03.15-16.18.54:417][  0]LogWindows: EnumDisplayDevices:
[2020.03.15-16.18.54:417][  0]LogWindows:    0. 'NVIDIA GeForce GTX 970' (P:1 D:1)
[2020.03.15-16.18.54:418][  0]LogWindows:    1. 'NVIDIA GeForce GTX 970' (P:0 D:1)
[2020.03.15-16.18.54:418][  0]LogWindows:    2. 'NVIDIA GeForce GTX 970' (P:0 D:0)
[2020.03.15-16.18.54:419][  0]LogWindows:    3. 'NVIDIA GeForce GTX 970' (P:0 D:0)
[2020.03.15-16.18.54:420][  0]LogWindows:    4. 'Intel(R) HD Graphics 4600' (P:0 D:0)
[2020.03.15-16.18.54:420][  0]LogWindows:    5. 'Intel(R) HD Graphics 4600' (P:0 D:0)
[2020.03.15-16.18.54:421][  0]LogWindows:    6. 'Intel(R) HD Graphics 4600' (P:0 D:0)
[2020.03.15-16.18.54:421][  0]LogWindows: DebugString: PrimaryIsNotTheChoosenAdapter PrimaryIsNotTheChoosenAdapter PrimaryIsNotTheChoosenAdapter FoundDriverCount:4 
[2020.03.15-16.18.54:421][  0]LogD3D11RHI:     Adapter Name: NVIDIA GeForce GTX 970
[2020.03.15-16.18.54:421][  0]LogD3D11RHI:   Driver Version: 442.19 (internal:26.21.14.4219, unified:442.19)
[2020.03.15-16.18.54:421][  0]LogD3D11RHI:      Driver Date: 1-29-2020
[2020.03.15-16.18.54:421][  0]LogRHI: Texture pool is 2830 MB (70% of 4043 MB)
[2020.03.15-16.18.54:463][  0]LogD3D11RHI: Async texture creation enabled
[2020.03.15-16.18.54:658][  0]LogRendererCore: FGlobalReadBuffer::InitRHI
[2020.03.15-16.18.54:666][  0]LogRendererCore: FGlobalReadBuffer::InitRHI
[2020.03.15-16.18.54:666][  0]LogRendererCore: FGlobalReadBuffer::InitRHI
[2020.03.15-16.18.54:722][  0]LogD3D11RHI: GPU Timing Frequency: 1000.000000 (Debug: 2 1)
[2020.03.15-16.18.55:559][  0]LogTemp: Display: Module 'AllDesktopTargetPlatform' loaded TargetPlatform 'AllDesktop'
[2020.03.15-16.18.55:599][  0]LogTemp: Display: Module 'MacClientTargetPlatform' loaded TargetPlatform 'MacClient'
[2020.03.15-16.18.55:632][  0]LogTemp: Display: Module 'MacNoEditorTargetPlatform' loaded TargetPlatform 'MacNoEditor'
[2020.03.15-16.18.55:669][  0]LogTemp: Display: Module 'MacServerTargetPlatform' loaded TargetPlatform 'MacServer'
[2020.03.15-16.18.55:746][  0]LogTemp: Display: Module 'MacTargetPlatform' loaded TargetPlatform 'Mac'
[2020.03.15-16.18.55:784][  0]LogTemp: Display: Module 'WindowsClientTargetPlatform' loaded TargetPlatform 'WindowsClient'
[2020.03.15-16.18.55:818][  0]LogTemp: Display: Module 'WindowsNoEditorTargetPlatform' loaded TargetPlatform 'WindowsNoEditor'
[2020.03.15-16.18.55:850][  0]LogTemp: Display: Module 'WindowsServerTargetPlatform' loaded TargetPlatform 'WindowsServer'
[2020.03.15-16.18.55:878][  0]LogTemp: Display: Module 'WindowsTargetPlatform' loaded TargetPlatform 'Windows'
[2020.03.15-16.18.56:007][  0]LogTemp: Display: Module 'AndroidTargetPlatform' loaded TargetPlatform 'Android'
[2020.03.15-16.18.56:007][  0]LogTemp: Display: Module 'AndroidTargetPlatform' loaded TargetPlatform 'Android_ASTC'
[2020.03.15-16.18.56:007][  0]LogTemp: Display: Module 'AndroidTargetPlatform' loaded TargetPlatform 'Android_ATC'
[2020.03.15-16.18.56:007][  0]LogTemp: Display: Module 'AndroidTargetPlatform' loaded TargetPlatform 'Android_DXT'
[2020.03.15-16.18.56:007][  0]LogTemp: Display: Module 'AndroidTargetPlatform' loaded TargetPlatform 'Android_ETC1'
[2020.03.15-16.18.56:007][  0]LogTemp: Display: Module 'AndroidTargetPlatform' loaded TargetPlatform 'Android_ETC1a'
[2020.03.15-16.18.56:007][  0]LogTemp: Display: Module 'AndroidTargetPlatform' loaded TargetPlatform 'Android_ETC2'
[2020.03.15-16.18.56:007][  0]LogTemp: Display: Module 'AndroidTargetPlatform' loaded TargetPlatform 'Android_PVRTC'
[2020.03.15-16.18.56:007][  0]LogTemp: Display: Module 'AndroidTargetPlatform' loaded TargetPlatform 'AndroidClient'
[2020.03.15-16.18.56:007][  0]LogTemp: Display: Module 'AndroidTargetPlatform' loaded TargetPlatform 'Android_ASTCClient'
[2020.03.15-16.18.56:007][  0]LogTemp: Display: Module 'AndroidTargetPlatform' loaded TargetPlatform 'Android_ATCClient'
[2020.03.15-16.18.56:007][  0]LogTemp: Display: Module 'AndroidTargetPlatform' loaded TargetPlatform 'Android_DXTClient'
[2020.03.15-16.18.56:007][  0]LogTemp: Display: Module 'AndroidTargetPlatform' loaded TargetPlatform 'Android_ETC1Client'
[2020.03.15-16.18.56:007][  0]LogTemp: Display: Module 'AndroidTargetPlatform' loaded TargetPlatform 'Android_ETC1aClient'
[2020.03.15-16.18.56:007][  0]LogTemp: Display: Module 'AndroidTargetPlatform' loaded TargetPlatform 'Android_ETC2Client'
[2020.03.15-16.18.56:007][  0]LogTemp: Display: Module 'AndroidTargetPlatform' loaded TargetPlatform 'Android_PVRTCClient'
[2020.03.15-16.18.56:007][  0]LogTemp: Display: Module 'AndroidTargetPlatform' loaded TargetPlatform 'Android_Multi'
[2020.03.15-16.18.56:007][  0]LogTemp: Display: Module 'AndroidTargetPlatform' loaded TargetPlatform 'Android_MultiClient'
[2020.03.15-16.18.56:041][  0]LogTemp: Display: Module 'HTML5TargetPlatform' loaded TargetPlatform 'HTML5'
[2020.03.15-16.18.56:197][  0]LogTemp: Display: Module 'IOSTargetPlatform' loaded TargetPlatform 'IOSClient'
[2020.03.15-16.18.56:197][  0]LogTemp: Display: Module 'IOSTargetPlatform' loaded TargetPlatform 'IOS'
[2020.03.15-16.18.56:238][  0]LogTemp: Display: Module 'TVOSTargetPlatform' loaded TargetPlatform 'TVOSClient'
[2020.03.15-16.18.56:238][  0]LogTemp: Display: Module 'TVOSTargetPlatform' loaded TargetPlatform 'TVOS'
[2020.03.15-16.18.56:272][  0]LogTemp: Display: Module 'LinuxClientTargetPlatform' loaded TargetPlatform 'LinuxClient'
[2020.03.15-16.18.56:305][  0]LogTemp: Display: Module 'LinuxNoEditorTargetPlatform' loaded TargetPlatform 'LinuxNoEditor'
[2020.03.15-16.18.56:332][  0]LogTemp: Display: Module 'LinuxServerTargetPlatform' loaded TargetPlatform 'LinuxServer'
[2020.03.15-16.18.56:404][  0]LogTemp: Display: Module 'LinuxTargetPlatform' loaded TargetPlatform 'Linux'
[2020.03.15-16.18.56:477][  0]LogTemp: Display: Module 'LuminTargetPlatform' loaded TargetPlatform 'Lumin'
[2020.03.15-16.18.56:477][  0]LogTemp: Display: Module 'LuminTargetPlatform' loaded TargetPlatform 'LuminClient'
[2020.03.15-16.18.56:477][  0]LogTargetPlatformManager: Display: Building Assets For Windows
[2020.03.15-16.18.56:722][  0]LogAudioDebug: Display: Lib vorbis DLL was dynamically loaded.
[2020.03.15-16.18.57:467][  0]LogShaderCompilers: Guid format shader working directory is 5 characters bigger than the processId version (C:/Users/ldh94/Desktop/UnrealEngineStudy/Intermediate/Shaders/WorkingDirectory/13704/).
[2020.03.15-16.18.57:467][  0]LogShaderCompilers: Cleaned the shader compiler working directory 'C:/Users/ldh94/AppData/Local/Temp/UnrealShaderWorkingDir/4E4EA47246C3978152F62C9FB18FA16C/'.
[2020.03.15-16.18.57:477][  0]LogXGEController: Cleaning working directory: C:/Users/ldh94/AppData/Local/Temp/UnrealXGEWorkingDir/
[2020.03.15-16.18.57:477][  0]LogXGEController: Cannot use XGE Controller as Incredibuild is not installed on this machine.
[2020.03.15-16.18.57:477][  0]LogShaderCompilers: Cannot use XGE Shader Compiler as Incredibuild is not installed on this machine.
[2020.03.15-16.18.57:477][  0]LogShaderCompilers: Display: Using Local Shader Compiler.
[2020.03.15-16.19.00:871][  0]LogDerivedDataCache: Display: Max Cache Size: 512 MB
[2020.03.15-16.19.01:529][  0]LogDerivedDataCache: Loaded boot cache 0.65s 71MB C:/Users/ldh94/AppData/Local/UnrealEngine/4.22/DerivedDataCache/Boot.ddc.
[2020.03.15-16.19.01:530][  0]LogDerivedDataCache: Display: Loaded Boot cache: C:/Users/ldh94/AppData/Local/UnrealEngine/4.22/DerivedDataCache/Boot.ddc
[2020.03.15-16.19.01:530][  0]LogDerivedDataCache: FDerivedDataBackendGraph:  Pak pak cache file C:/Users/ldh94/Desktop/UnrealEngineStudy/DerivedDataCache/DDC.ddp not found, will not use a pak cache.
[2020.03.15-16.19.01:530][  0]LogDerivedDataCache: Unable to find inner node Pak for hierarchical cache Hierarchy.
[2020.03.15-16.19.01:530][  0]LogDerivedDataCache: FDerivedDataBackendGraph:  CompressedPak pak cache file C:/Users/ldh94/Desktop/UnrealEngineStudy/DerivedDataCache/Compressed.ddp not found, will not use a pak cache.
[2020.03.15-16.19.01:530][  0]LogDerivedDataCache: Unable to find inner node CompressedPak for hierarchical cache Hierarchy.
[2020.03.15-16.19.01:689][  0]LogDerivedDataCache: Display: Pak cache opened for reading ../../../Engine/DerivedDataCache/Compressed.ddp.
[2020.03.15-16.19.01:689][  0]LogDerivedDataCache: FDerivedDataBackendGraph:  EnterprisePak pak cache file ../../../Enterprise/DerivedDataCache/Compressed.ddp not found, will not use a pak cache.
[2020.03.15-16.19.01:689][  0]LogDerivedDataCache: Unable to find inner node EnterprisePak for hierarchical cache Hierarchy.
[2020.03.15-16.19.01:704][  0]LogDerivedDataCache: Using Local data cache path C:/Users/ldh94/AppData/Local/UnrealEngine/Common/DerivedDataCache: Writable
[2020.03.15-16.19.01:704][  0]LogDerivedDataCache: Shared data cache path not found in *engine.ini, will not use an Shared cache.
[2020.03.15-16.19.01:704][  0]LogDerivedDataCache: Unable to find inner node Shared for hierarchical cache Hierarchy.
[2020.03.15-16.19.01:787][  0]LogMaterial: Verifying Global Shaders for PCD3D_SM5
[2020.03.15-16.19.01:834][  0]LogSlate: Using FreeType 2.6.0
[2020.03.15-16.19.01:949][  0]LogSlate: SlateFontServices - WITH_FREETYPE: 1, WITH_HARFBUZZ: 1
[2020.03.15-16.19.03:312][  0]LogAssetRegistry: FAssetRegistry took 0.0531 seconds to start up
[2020.03.15-16.19.08:493][  0]LogInit: Selected Device Profile: [Windows]
[2020.03.15-16.19.11:676][  0]LogMeshReduction: Using QuadricMeshReduction for automatic static mesh reduction
[2020.03.15-16.19.11:676][  0]LogMeshReduction: Using SimplygonMeshReduction for automatic skeletal mesh reduction
[2020.03.15-16.19.11:676][  0]LogMeshReduction: Using ProxyLODMeshReduction for automatic mesh merging
[2020.03.15-16.19.11:676][  0]LogMeshReduction: No distributed automatic mesh merging module available
[2020.03.15-16.19.11:677][  0]LogMeshMerging: No distributed automatic mesh merging module available
[2020.03.15-16.19.11:979][  0]LogNetVersion: ArenaBattle 1.0.0, NetCL: 5660361, EngineNetVer: 10, GameNetVer: 0 (Checksum: 815535894)
[2020.03.15-16.19.16:816][  0]LogPackageLocalizationCache: Processed 10 localized package path(s) for 1 prioritized culture(s) in 0.108823 seconds
[2020.03.15-16.19.16:842][  0]LogUObjectArray: 42205 objects as part of root set at end of initial load.
[2020.03.15-16.19.16:842][  0]LogUObjectAllocator: 7325032 out of 0 bytes used by permanent object pool.
[2020.03.15-16.19.16:842][  0]LogUObjectArray: CloseDisregardForGC: 0/0 objects in disregard for GC pool
[2020.03.15-16.19.31:845][  0]LogTcpMessaging: Initializing TcpMessaging bridge
[2020.03.15-16.19.31:887][  0]LogUdpMessaging: Initializing bridge on interface 0.0.0.0:0 to multicast group 230.0.0.1:6666.
[2020.03.15-16.19.33:247][  0]SourceControl: 소스 컨트롤이 꺼져 있습니다.
[2020.03.15-16.19.33:265][  0]SourceControl: 소스 컨트롤이 꺼져 있습니다.
[2020.03.15-16.19.33:361][  0]SourceControl: 소스 컨트롤이 꺼져 있습니다.
[2020.03.15-16.19.33:386][  0]SourceControl: 소스 컨트롤이 꺼져 있습니다.
[2020.03.15-16.19.34:758][  0]LogAndroidPermission: UAndroidPermissionCallbackProxy::GetInstance
[2020.03.15-16.19.35:458][  0]LogOcInput: OculusInput pre-init called
[2020.03.15-16.19.37:153][  0]LogEngine: Initializing Engine...
[2020.03.15-16.19.37:179][  0]LogHMD: Failed to initialize OpenVR with code 110
[2020.03.15-16.19.37:202][  0]LogStats: UGameplayTagsManager::InitializeManager -  0.022 s
[2020.03.15-16.19.37:990][  0]LogInit: Initializing FReadOnlyCVARCache
[2020.03.15-16.19.38:306][  0]LogAIModule: Creating AISystem for world Untitled
[2020.03.15-16.19.38:490][  0]LogInit: XAudio2 using '스피커(Realtek High Definition Audio)' : 2 channels at 48 kHz using 32 bits per sample (channel mask 0x3)
[2020.03.15-16.19.38:566][  0]LogInit: FAudioDevice initialized.
[2020.03.15-16.19.38:566][  0]LogNetVersion: Set ProjectVersion to 1.0.0.0. Version Checksum will be recalculated on next use.
[2020.03.15-16.19.38:721][  0]LogDerivedDataCache: Saved boot cache 0.15s 71MB C:/Users/ldh94/AppData/Local/UnrealEngine/4.22/DerivedDataCache/Boot.ddc.
[2020.03.15-16.19.38:725][  0]LogInit: Texture streaming: Enabled
[2020.03.15-16.19.38:874][  0]LogEngineSessionManager: EngineSessionManager initialized
[2020.03.15-16.19.38:874][  0]LogEngineSessionManager: EngineSessionManager sent abnormal shutdown report. Type=AbnormalShutdown, SessionId={B6DA9C3A-4E25-B77C-B123-368643416E6F}
[2020.03.15-16.19.39:005][  0]LogInit: Transaction tracking system initialized
[2020.03.15-16.19.39:364][  0]BlueprintLog: New page: 에디터 로드
[2020.03.15-16.19.40:586][  0]LocalizationService: 현지화 서비스가 비활성화되었습니다.
[2020.03.15-16.19.44:609][  0]LogFileCache: Scanning file cache for directory 'C:/Users/ldh94/Desktop/UnrealEngineStudy/Content/' took 0.03s
[2020.03.15-16.19.44:609][  0]LogCook: Display: Max memory allowance for cook 16384mb min free memory 0mb
[2020.03.15-16.19.44:609][  0]LogCook: Display: Mobile HDR setting 1
[2020.03.15-16.19.50:707][  0]SourceControl: 소스 컨트롤이 꺼져 있습니다.
[2020.03.15-16.19.50:738][  0]Cmd: MAP LOAD FILE="C:/Users/ldh94/Desktop/UnrealEngineStudy/Content/Book/Maps/Step2.umap" TEMPLATE=0 SHOWPROGRESS=1 FEATURELEVEL=3
[2020.03.15-16.19.50:758][  0]LightingResults: New page: 라이팅 빌드
[2020.03.15-16.19.50:867][  0]MapCheck: New page: 맵 체크
[2020.03.15-16.19.50:867][  0]LightingResults: New page: 라이팅 빌드
[2020.03.15-16.19.51:190][  0]LogUObjectHash: Compacting FUObjectHashTables data took   3.26ms
[2020.03.15-16.19.51:925][  0]LogAIModule: Creating AISystem for world Step2
[2020.03.15-16.19.52:273][  0]LogEditorServer: Finished looking for orphan Actors (0.000 secs)
[2020.03.15-16.19.52:330][  0]LogUObjectHash: Compacting FUObjectHashTables data took   2.05ms
[2020.03.15-16.19.52:330][  0]Cmd: MAP CHECKDEP NOCLEARLOG
[2020.03.15-16.19.52:350][  0]MapCheck: 맵 체크 완료: 오류 0 회, 경고 0 회, 소요 시간 0.274ms.
[2020.03.15-16.19.52:350][  0]LogFileHelpers: Loading map 'Step2' took 1.629
[2020.03.15-16.19.53:715][  0]LogSlate: Updating window title bar state: overlay mode, drag disabled, window buttons hidden, title bar hidden
[2020.03.15-16.19.53:723][  0]LogSlate: Updating window title bar state: overlay mode, drag disabled, window buttons hidden, title bar hidden
[2020.03.15-16.19.53:731][  0]LogSlate: Updating window title bar state: overlay mode, drag disabled, window buttons hidden, title bar hidden
[2020.03.15-16.19.53:738][  0]LogSlate: Updating window title bar state: overlay mode, drag disabled, window buttons hidden, title bar hidden
[2020.03.15-16.19.53:804][  0]LogCollectionManager: Loaded 0 collections in 0.001472 seconds
[2020.03.15-16.19.53:908][  0]LogFileCache: Scanning file cache for directory 'C:/Users/ldh94/Desktop/UnrealEngineStudy/Saved/Collections/' took 0.01s
[2020.03.15-16.19.53:908][  0]LogFileCache: Scanning file cache for directory 'C:/Users/ldh94/Desktop/UnrealEngineStudy/Content/Developers/ldh94/Collections/' took 0.01s
[2020.03.15-16.19.53:908][  0]LogFileCache: Scanning file cache for directory 'C:/Users/ldh94/Desktop/UnrealEngineStudy/Content/Collections/' took 0.01s
[2020.03.15-16.19.53:908][  0]LogCollectionManager: Rebuilt the GUID cache for 0 collections in 0.000000 seconds
[2020.03.15-16.19.53:929][  0]LogContentBrowser: Native class hierarchy populated in 0.0209 seconds. Added 2736 classes and 661 folders.
[2020.03.15-16.19.53:965][  0]LogContentBrowser: Native class hierarchy updated for 'WidgetCarousel' in 0.0003 seconds. Added 0 classes and 0 folders.
[2020.03.15-16.19.54:038][  0]LogPakFile: Registered encryption key '00000000000000000000000000000000': 0 pak files mounted, 0 remain pending
[2020.03.15-16.19.54:130][  0]LogPakFile: Registered encryption key '00000000000000000000000000000000': 0 pak files mounted, 0 remain pending
[2020.03.15-16.19.54:167][  0]LogPakFile: Registered encryption key '00000000000000000000000000000000': 0 pak files mounted, 0 remain pending
[2020.03.15-16.19.54:183][  0]LogPakFile: Registered encryption key '00000000000000000000000000000000': 0 pak files mounted, 0 remain pending
[2020.03.15-16.19.54:193][  0]LogPakFile: Registered encryption key '00000000000000000000000000000000': 0 pak files mounted, 0 remain pending
[2020.03.15-16.19.54:208][  0]LogPakFile: Registered encryption key '00000000000000000000000000000000': 0 pak files mounted, 0 remain pending
[2020.03.15-16.19.54:221][  0]LogPakFile: Registered encryption key '00000000000000000000000000000000': 0 pak files mounted, 0 remain pending
[2020.03.15-16.19.54:236][  0]LogPakFile: Registered encryption key '00000000000000000000000000000000': 0 pak files mounted, 0 remain pending
[2020.03.15-16.19.54:244][  0]LogPakFile: Registered encryption key '00000000000000000000000000000000': 0 pak files mounted, 0 remain pending
[2020.03.15-16.19.54:257][  0]LogPakFile: Registered encryption key '00000000000000000000000000000000': 0 pak files mounted, 0 remain pending
[2020.03.15-16.19.54:270][  0]LogPakFile: Registered encryption key '00000000000000000000000000000000': 0 pak files mounted, 0 remain pending
[2020.03.15-16.19.54:282][  0]LogPakFile: Registered encryption key '00000000000000000000000000000000': 0 pak files mounted, 0 remain pending
[2020.03.15-16.19.54:297][  0]LogPakFile: Registered encryption key '00000000000000000000000000000000': 0 pak files mounted, 0 remain pending
[2020.03.15-16.19.54:310][  0]LogPakFile: Registered encryption key '00000000000000000000000000000000': 0 pak files mounted, 0 remain pending
[2020.03.15-16.19.54:321][  0]LogPakFile: Registered encryption key '00000000000000000000000000000000': 0 pak files mounted, 0 remain pending
[2020.03.15-16.19.54:331][  0]LogPakFile: Registered encryption key '00000000000000000000000000000000': 0 pak files mounted, 0 remain pending
[2020.03.15-16.19.54:366][  0]LogPakFile: Registered encryption key '00000000000000000000000000000000': 0 pak files mounted, 0 remain pending
[2020.03.15-16.19.54:380][  0]LogPakFile: Registered encryption key '00000000000000000000000000000000': 0 pak files mounted, 0 remain pending
[2020.03.15-16.19.54:391][  0]LogPakFile: Registered encryption key '00000000000000000000000000000000': 0 pak files mounted, 0 remain pending
[2020.03.15-16.19.54:399][  0]LogPakFile: Registered encryption key '00000000000000000000000000000000': 0 pak files mounted, 0 remain pending
[2020.03.15-16.19.54:420][  0]LogPakFile: Registered encryption key '00000000000000000000000000000000': 0 pak files mounted, 0 remain pending
[2020.03.15-16.19.54:440][  0]LogPakFile: Registered encryption key '00000000000000000000000000000000': 0 pak files mounted, 0 remain pending
[2020.03.15-16.19.54:457][  0]LogPakFile: Registered encryption key '00000000000000000000000000000000': 0 pak files mounted, 0 remain pending
[2020.03.15-16.19.54:482][  0]LogPakFile: Registered encryption key '00000000000000000000000000000000': 0 pak files mounted, 0 remain pending
[2020.03.15-16.19.54:497][  0]LogPakFile: Registered encryption key '00000000000000000000000000000000': 0 pak files mounted, 0 remain pending
[2020.03.15-16.19.54:517][  0]LogPakFile: Registered encryption key '00000000000000000000000000000000': 0 pak files mounted, 0 remain pending
[2020.03.15-16.19.55:500][  0]LogContentBrowser: Native class hierarchy updated for 'AddContentDialog' in 0.0005 seconds. Added 0 classes and 0 folders.
[2020.03.15-16.19.55:546][  0]LogContentBrowser: Native class hierarchy updated for 'SceneOutliner' in 0.0015 seconds. Added 1 classes and 2 folders.
[2020.03.15-16.19.55:953][  0]LogSlate: Took 0.030468 seconds to synchronously load lazily loaded font '../../../Engine/Content/Slate/Fonts/Roboto-Regular.ttf' (155K)
[2020.03.15-16.19.56:023][  0]LogSlate: Took 0.067221 seconds to synchronously load lazily loaded font '../../../Engine/Content/Editor/Slate/Fonts/NanumGothic.ttf' (4243K)
[2020.03.15-16.19.56:121][  0]LogSlate: Took 0.078740 seconds to synchronously load lazily loaded font '../../../Engine/Content/Editor/Slate/Fonts/NanumGothicBold.ttf' (4188K)
[2020.03.15-16.19.56:164][  0]LogSlate: Took 0.042814 seconds to synchronously load lazily loaded font '../../../Engine/Content/Slate/Fonts/Roboto-Bold.ttf' (160K)
[2020.03.15-16.19.56:191][  0]LogSlate: Took 0.020356 seconds to synchronously load lazily loaded font '../../../Engine/Content/Editor/Slate/Fonts/FontAwesome.ttf' (139K)
[2020.03.15-16.19.56:631][  0]LogRenderer: Reallocating scene render targets to support 1528x572 Format 10 NumSamples 1 (Frame:1).
[2020.03.15-16.19.57:026][  0]LogContentBrowser: Native class hierarchy updated for 'HierarchicalLODOutliner' in 0.0004 seconds. Added 0 classes and 0 folders.
[2020.03.15-16.19.57:026][  0]LogLoad: (Engine Initialization) Total time: 90.29 seconds
[2020.03.15-16.19.57:026][  0]LogLoad: (Engine Initialization) Total Blueprint compile time: 0.01 seconds
[2020.03.15-16.19.57:163][  0]LogAssetRegistry: Asset discovery search completed in 53.8738 seconds
[2020.03.15-16.19.57:183][  0]LogCollectionManager: Rebuilt the object cache for 0 collections in 0.000000 seconds (found 0 objects)
[2020.03.15-16.19.57:183][  0]LogCollectionManager: Fixed up redirectors for 0 collections in 0.000059 seconds (updated 0 objects)
[2020.03.15-16.19.57:242][  0]LogContentStreaming: Texture pool size now 1000 MB
[2020.03.15-16.19.57:310][  0]LogSlate: Took 0.013440 seconds to synchronously load lazily loaded font '../../../Engine/Content/Slate/Fonts/Roboto-Light.ttf' (167K)
[2020.03.15-16.32.18:513][731]LogSlate: FSceneViewport::OnFocusLost() reason 2
[2020.03.15-16.32.18:796][762]LogSlate: FSceneViewport::OnFocusLost() reason 2
[2020.03.15-16.32.19:268][816]LogSlate: FSceneViewport::OnFocusLost() reason 2
[2020.03.15-16.51.32:290][751]LogSlate: FSceneViewport::OnFocusLost() reason 0
[2020.03.15-16.51.32:373][761]LogTemp: Repeating last play command: 선택된 뷰포트
[2020.03.15-16.51.32:384][761]LogBlueprintUserMessages: Early PlayInEditor Detection: Level '/Game/Book/Maps/Step2.Step2:PersistentLevel' has LevelScriptBlueprint '/Game/Book/Maps/Step2.Step2:PersistentLevel.Step2' with GeneratedClass '/Game/Book/Maps/Step2.Step2_C' with ClassGeneratedBy '/Game/Book/Maps/Step2.Step2:PersistentLevel.Step2'
[2020.03.15-16.51.32:615][761]LogPlayLevel: PlayLevel: No blueprints needed recompiling
[2020.03.15-16.51.32:627][761]PIE: New page: PIE 세션: Step2 (2020. 3. 16. 오전 10:51:32)
[2020.03.15-16.51.32:668][761]LogPlayLevel: Creating play world package: /Game/Book/Maps/UEDPIE_0_Step2
[2020.03.15-16.51.32:671][761]LogPlayLevel: PIE: StaticDuplicateObject took: (0.002597s)
[2020.03.15-16.51.32:671][761]LogAIModule: Creating AISystem for world Step2
[2020.03.15-16.51.32:672][761]LogPlayLevel: PIE: World Init took: (0.000959s)
[2020.03.15-16.51.32:672][761]LogPlayLevel: PIE: Created PIE world by copying editor world from /Game/Book/Maps/Step2.Step2 to /Game/Book/Maps/UEDPIE_0_Step2.Step2 (0.003866s)
[2020.03.15-16.51.32:693][761]LogUObjectHash: Compacting FUObjectHashTables data took   1.17ms
[2020.03.15-16.51.32:848][761]LogInit: XAudio2 using '스피커(Realtek High Definition Audio)' : 2 channels at 48 kHz using 32 bits per sample (channel mask 0x3)
[2020.03.15-16.51.32:876][761]LogInit: FAudioDevice initialized.
[2020.03.15-16.51.32:931][761]LogLoad: Game class is 'ABGameMode'
[2020.03.15-16.51.32:985][761]LogWorld: Bringing World /Game/Book/Maps/UEDPIE_0_Step2.Step2 up for play (max tick rate 0) at 2020.03.16-01.51.32
[2020.03.15-16.51.32:986][761]LogWorld: Bringing up level for play took: 0.001744
[2020.03.15-16.51.33:002][761]ArenaBattle: Warning: AABPlayerController::PostInitializeComponents(8)
[2020.03.15-16.51.33:022][761]ArenaBattle: Warning: AABGameMode::PostLogin(24) PostLogin Begin
[2020.03.15-16.51.33:060][761]LogContentBrowser: Native class hierarchy updated for 'MovieSceneCapture' in 0.0016 seconds. Added 20 classes and 0 folders.
[2020.03.15-16.51.33:136][761]ArenaBattle: Warning: AABGameMode::PostLogin(26) PostLogin End
[2020.03.15-16.51.33:148][761]PIE: /Game/Book/Maps/UEDPIE_0_Step2 에 대한 에디터에서 플레이 시작 시간: -0.01
[2020.03.15-16.51.33:149][761]LogBlueprintUserMessages: Late PlayInEditor Detection: Level '/Game/Book/Maps/Step2.Step2:PersistentLevel' has LevelScriptBlueprint '/Game/Book/Maps/Step2.Step2:PersistentLevel.Step2' with GeneratedClass '/Game/Book/Maps/Step2.Step2_C' with ClassGeneratedBy '/Game/Book/Maps/Step2.Step2:PersistentLevel.Step2'
[2020.03.15-16.51.35:321][990]LogBlueprintUserMessages: Early EndPlayMap Detection: Level '/Game/Book/Maps/Step2.Step2:PersistentLevel' has LevelScriptBlueprint '/Game/Book/Maps/Step2.Step2:PersistentLevel.Step2' with GeneratedClass '/Game/Book/Maps/Step2.Step2_C' with ClassGeneratedBy '/Game/Book/Maps/Step2.Step2:PersistentLevel.Step2'
[2020.03.15-16.51.35:321][990]LogSlate: Updating window title bar state: overlay mode, drag disabled, window buttons hidden, title bar hidden
[2020.03.15-16.51.35:353][990]LogPlayLevel: Display: Shutting down PIE online subsystems
[2020.03.15-16.51.35:353][990]LogBlueprintUserMessages: Late EndPlayMap Detection: Level '/Game/Book/Maps/Step2.Step2:PersistentLevel' has LevelScriptBlueprint '/Game/Book/Maps/Step2.Step2:PersistentLevel.Step2' with GeneratedClass '/Game/Book/Maps/Step2.Step2_C' with ClassGeneratedBy '/Game/Book/Maps/Step2.Step2:PersistentLevel.Step2'
[2020.03.15-16.51.35:448][990]LogSlate: Updating window title bar state: overlay mode, drag disabled, window buttons hidden, title bar hidden
[2020.03.15-16.51.35:451][990]LogUObjectHash: Compacting FUObjectHashTables data took   1.61ms
[2020.03.15-16.51.35:473][991]LogPlayLevel: Display: Destroying online subsystem :Context_3
[2020.03.15-16.52.17:063][237]LogSlate: Took 0.000506 seconds to synchronously load lazily loaded font '../../../Engine/Content/Slate/Fonts/Roboto-Light.ttf' (167K)
[2020.03.15-16.53.02:419][792]LogEditorViewport: Clicking on Actor (LMB): StaticMeshActor (SM_SQUARE)
[2020.03.15-16.53.02:952][792]LogSlate: FSceneViewport::OnFocusLost() reason 2
[2020.03.15-16.53.02:999][792]LogSlate: Took 0.034081 seconds to synchronously load lazily loaded font '../../../Engine/Content/Slate/Fonts/DroidSansMono.ttf' (77K)
[2020.03.15-16.53.03:055][792]LogSlate: Took 0.056242 seconds to synchronously load lazily loaded font '../../../Engine/Content/Editor/Slate/Fonts/NanumGothicExtraBold.ttf' (4074K)
[2020.03.15-16.53.35:632][664]Cmd: displayall PlayerController ControlRotation
[2020.03.15-16.53.47:390][ 20]LogTemp: Repeating last play command: 선택된 뷰포트
[2020.03.15-16.53.47:399][ 20]LogBlueprintUserMessages: Early PlayInEditor Detection: Level '/Game/Book/Maps/Step2.Step2:PersistentLevel' has LevelScriptBlueprint '/Game/Book/Maps/Step2.Step2:PersistentLevel.Step2' with GeneratedClass '/Game/Book/Maps/Step2.Step2_C' with ClassGeneratedBy '/Game/Book/Maps/Step2.Step2:PersistentLevel.Step2'
[2020.03.15-16.53.47:399][ 20]LogPlayLevel: PlayLevel: No blueprints needed recompiling
[2020.03.15-16.53.47:399][ 20]PIE: New page: PIE 세션: Step2 (2020. 3. 16. 오전 10:53:47)
[2020.03.15-16.53.47:399][ 20]LogPlayLevel: Creating play world package: /Game/Book/Maps/UEDPIE_0_Step2
[2020.03.15-16.53.47:402][ 20]LogPlayLevel: PIE: StaticDuplicateObject took: (0.002791s)
[2020.03.15-16.53.47:403][ 20]LogAIModule: Creating AISystem for world Step2
[2020.03.15-16.53.47:403][ 20]LogPlayLevel: PIE: World Init took: (0.001015s)
[2020.03.15-16.53.47:403][ 20]LogPlayLevel: PIE: Created PIE world by copying editor world from /Game/Book/Maps/Step2.Step2 to /Game/Book/Maps/UEDPIE_0_Step2.Step2 (0.003917s)
[2020.03.15-16.53.47:424][ 20]LogUObjectHash: Compacting FUObjectHashTables data took   1.37ms
[2020.03.15-16.53.47:480][ 20]LogInit: XAudio2 using '스피커(Realtek High Definition Audio)' : 2 channels at 48 kHz using 32 bits per sample (channel mask 0x3)
[2020.03.15-16.53.47:507][ 20]LogInit: FAudioDevice initialized.
[2020.03.15-16.53.47:562][ 20]LogLoad: Game class is 'ABGameMode'
[2020.03.15-16.53.47:564][ 20]LogWorld: Bringing World /Game/Book/Maps/UEDPIE_0_Step2.Step2 up for play (max tick rate 0) at 2020.03.16-01.53.47
[2020.03.15-16.53.47:564][ 20]LogWorld: Bringing up level for play took: 0.000625
[2020.03.15-16.53.47:576][ 20]ArenaBattle: Warning: AABPlayerController::PostInitializeComponents(8)
[2020.03.15-16.53.47:576][ 20]ArenaBattle: Warning: AABGameMode::PostLogin(24) PostLogin Begin
[2020.03.15-16.53.47:577][ 20]ArenaBattle: Warning: AABGameMode::PostLogin(26) PostLogin End
[2020.03.15-16.53.47:577][ 20]PIE: /Game/Book/Maps/UEDPIE_0_Step2 에 대한 에디터에서 플레이 시작 시간: 0.419
[2020.03.15-16.53.47:577][ 20]LogBlueprintUserMessages: Late PlayInEditor Detection: Level '/Game/Book/Maps/Step2.Step2:PersistentLevel' has LevelScriptBlueprint '/Game/Book/Maps/Step2.Step2:PersistentLevel.Step2' with GeneratedClass '/Game/Book/Maps/Step2.Step2_C' with ClassGeneratedBy '/Game/Book/Maps/Step2.Step2:PersistentLevel.Step2'
[2020.03.15-16.53.51:261][459]LogSlate: FSceneViewport::OnFocusLost() reason 2
[2020.03.15-16.53.52:452][602]LogSlate: FSceneViewport::OnFocusLost() reason 2
[2020.03.15-16.54.08:717][549]LogSlate: FSceneViewport::OnFocusLost() reason 2
[2020.03.15-16.54.15:020][305]LogBlueprintUserMessages: Early EndPlayMap Detection: Level '/Game/Book/Maps/Step2.Step2:PersistentLevel' has LevelScriptBlueprint '/Game/Book/Maps/Step2.Step2:PersistentLevel.Step2' with GeneratedClass '/Game/Book/Maps/Step2.Step2_C' with ClassGeneratedBy '/Game/Book/Maps/Step2.Step2:PersistentLevel.Step2'
[2020.03.15-16.54.15:020][305]LogSlate: Updating window title bar state: overlay mode, drag disabled, window buttons hidden, title bar hidden
[2020.03.15-16.54.15:051][305]LogPlayLevel: Display: Shutting down PIE online subsystems
[2020.03.15-16.54.15:051][305]LogBlueprintUserMessages: Late EndPlayMap Detection: Level '/Game/Book/Maps/Step2.Step2:PersistentLevel' has LevelScriptBlueprint '/Game/Book/Maps/Step2.Step2:PersistentLevel.Step2' with GeneratedClass '/Game/Book/Maps/Step2.Step2_C' with ClassGeneratedBy '/Game/Book/Maps/Step2.Step2:PersistentLevel.Step2'
[2020.03.15-16.54.15:075][305]LogSlate: Updating window title bar state: overlay mode, drag disabled, window buttons hidden, title bar hidden
[2020.03.15-16.54.15:081][305]LogUObjectHash: Compacting FUObjectHashTables data took   0.98ms
[2020.03.15-16.54.15:128][307]LogPlayLevel: Display: Destroying online subsystem :Context_5
[2020.03.15-16.55.41:257][640]LogSlate: FSceneViewport::OnFocusLost() reason 0
[2020.03.15-16.55.41:799][705]LogTemp: Repeating last play command: 선택된 뷰포트
[2020.03.15-16.55.41:809][705]LogBlueprintUserMessages: Early PlayInEditor Detection: Level '/Game/Book/Maps/Step2.Step2:PersistentLevel' has LevelScriptBlueprint '/Game/Book/Maps/Step2.Step2:PersistentLevel.Step2' with GeneratedClass '/Game/Book/Maps/Step2.Step2_C' with ClassGeneratedBy '/Game/Book/Maps/Step2.Step2:PersistentLevel.Step2'
[2020.03.15-16.55.41:809][705]LogPlayLevel: PlayLevel: No blueprints needed recompiling
[2020.03.15-16.55.41:809][705]PIE: New page: PIE 세션: Step2 (2020. 3. 16. 오전 10:55:41)
[2020.03.15-16.55.41:810][705]LogPlayLevel: Creating play world package: /Game/Book/Maps/UEDPIE_0_Step2
[2020.03.15-16.55.41:812][705]LogPlayLevel: PIE: StaticDuplicateObject took: (0.002019s)
[2020.03.15-16.55.41:812][705]LogAIModule: Creating AISystem for world Step2
[2020.03.15-16.55.41:812][705]LogPlayLevel: PIE: World Init took: (0.000693s)
[2020.03.15-16.55.41:812][705]LogPlayLevel: PIE: Created PIE world by copying editor world from /Game/Book/Maps/Step2.Step2 to /Game/Book/Maps/UEDPIE_0_Step2.Step2 (0.002884s)
[2020.03.15-16.55.41:830][705]LogUObjectHash: Compacting FUObjectHashTables data took   1.52ms
[2020.03.15-16.55.41:883][705]LogInit: XAudio2 using '스피커(Realtek High Definition Audio)' : 2 channels at 48 kHz using 32 bits per sample (channel mask 0x3)
[2020.03.15-16.55.41:909][705]LogInit: FAudioDevice initialized.
[2020.03.15-16.55.41:936][705]LogLoad: Game class is 'ABGameMode'
[2020.03.15-16.55.41:937][705]LogWorld: Bringing World /Game/Book/Maps/UEDPIE_0_Step2.Step2 up for play (max tick rate 0) at 2020.03.16-01.55.41
[2020.03.15-16.55.41:937][705]LogWorld: Bringing up level for play took: 0.000666
[2020.03.15-16.55.41:949][705]ArenaBattle: Warning: AABPlayerController::PostInitializeComponents(8)
[2020.03.15-16.55.41:949][705]ArenaBattle: Warning: AABGameMode::PostLogin(24) PostLogin Begin
[2020.03.15-16.55.41:950][705]ArenaBattle: Warning: AABGameMode::PostLogin(26) PostLogin End
[2020.03.15-16.55.41:950][705]PIE: /Game/Book/Maps/UEDPIE_0_Step2 에 대한 에디터에서 플레이 시작 시간: 0.792
[2020.03.15-16.55.41:950][705]LogBlueprintUserMessages: Late PlayInEditor Detection: Level '/Game/Book/Maps/Step2.Step2:PersistentLevel' has LevelScriptBlueprint '/Game/Book/Maps/Step2.Step2:PersistentLevel.Step2' with GeneratedClass '/Game/Book/Maps/Step2.Step2_C' with ClassGeneratedBy '/Game/Book/Maps/Step2.Step2:PersistentLevel.Step2'
[2020.03.15-16.55.42:550][772]LogSlate: FSceneViewport::OnFocusLost() reason 2
[2020.03.15-16.55.50:393][713]LogSlate: FSceneViewport::OnFocusLost() reason 2
[2020.03.15-16.56.01:720][971]LogBlueprintUserMessages: Early EndPlayMap Detection: Level '/Game/Book/Maps/Step2.Step2:PersistentLevel' has LevelScriptBlueprint '/Game/Book/Maps/Step2.Step2:PersistentLevel.Step2' with GeneratedClass '/Game/Book/Maps/Step2.Step2_C' with ClassGeneratedBy '/Game/Book/Maps/Step2.Step2:PersistentLevel.Step2'
[2020.03.15-16.56.01:721][971]LogSlate: Updating window title bar state: overlay mode, drag disabled, window buttons hidden, title bar hidden
[2020.03.15-16.56.01:748][971]LogPlayLevel: Display: Shutting down PIE online subsystems
[2020.03.15-16.56.01:749][971]LogBlueprintUserMessages: Late EndPlayMap Detection: Level '/Game/Book/Maps/Step2.Step2:PersistentLevel' has LevelScriptBlueprint '/Game/Book/Maps/Step2.Step2:PersistentLevel.Step2' with GeneratedClass '/Game/Book/Maps/Step2.Step2_C' with ClassGeneratedBy '/Game/Book/Maps/Step2.Step2:PersistentLevel.Step2'
[2020.03.15-16.56.01:770][971]LogSlate: Updating window title bar state: overlay mode, drag disabled, window buttons hidden, title bar hidden
[2020.03.15-16.56.01:773][971]LogUObjectHash: Compacting FUObjectHashTables data took   1.02ms
[2020.03.15-16.56.01:822][972]LogPlayLevel: Display: Destroying online subsystem :Context_6
[2020.03.15-16.56.03:767][203]LogSlate: FSceneViewport::OnFocusLost() reason 0
[2020.03.15-16.56.03:875][216]LogTemp: Repeating last play command: 선택된 뷰포트
[2020.03.15-16.56.03:885][216]LogBlueprintUserMessages: Early PlayInEditor Detection: Level '/Game/Book/Maps/Step2.Step2:PersistentLevel' has LevelScriptBlueprint '/Game/Book/Maps/Step2.Step2:PersistentLevel.Step2' with GeneratedClass '/Game/Book/Maps/Step2.Step2_C' with ClassGeneratedBy '/Game/Book/Maps/Step2.Step2:PersistentLevel.Step2'
[2020.03.15-16.56.03:885][216]LogPlayLevel: PlayLevel: No blueprints needed recompiling
[2020.03.15-16.56.03:885][216]PIE: New page: PIE 세션: Step2 (2020. 3. 16. 오전 10:56:03)
[2020.03.15-16.56.03:885][216]LogPlayLevel: Creating play world package: /Game/Book/Maps/UEDPIE_0_Step2
[2020.03.15-16.56.03:887][216]LogPlayLevel: PIE: StaticDuplicateObject took: (0.002030s)
[2020.03.15-16.56.03:887][216]LogAIModule: Creating AISystem for world Step2
[2020.03.15-16.56.03:887][216]LogPlayLevel: PIE: World Init took: (0.000575s)
[2020.03.15-16.56.03:888][216]LogPlayLevel: PIE: Created PIE world by copying editor world from /Game/Book/Maps/Step2.Step2 to /Game/Book/Maps/UEDPIE_0_Step2.Step2 (0.002715s)
[2020.03.15-16.56.03:908][216]LogUObjectHash: Compacting FUObjectHashTables data took   1.04ms
[2020.03.15-16.56.03:964][216]LogInit: XAudio2 using '스피커(Realtek High Definition Audio)' : 2 channels at 48 kHz using 32 bits per sample (channel mask 0x3)
[2020.03.15-16.56.03:991][216]LogInit: FAudioDevice initialized.
[2020.03.15-16.56.04:023][216]LogLoad: Game class is 'ABGameMode'
[2020.03.15-16.56.04:024][216]LogWorld: Bringing World /Game/Book/Maps/UEDPIE_0_Step2.Step2 up for play (max tick rate 0) at 2020.03.16-01.56.04
[2020.03.15-16.56.04:024][216]LogWorld: Bringing up level for play took: 0.000646
[2020.03.15-16.56.04:036][216]ArenaBattle: Warning: AABPlayerController::PostInitializeComponents(8)
[2020.03.15-16.56.04:036][216]ArenaBattle: Warning: AABGameMode::PostLogin(24) PostLogin Begin
[2020.03.15-16.56.04:037][216]ArenaBattle: Warning: AABGameMode::PostLogin(26) PostLogin End
[2020.03.15-16.56.04:037][216]PIE: /Game/Book/Maps/UEDPIE_0_Step2 에 대한 에디터에서 플레이 시작 시간: 0.88
[2020.03.15-16.56.04:037][216]LogBlueprintUserMessages: Late PlayInEditor Detection: Level '/Game/Book/Maps/Step2.Step2:PersistentLevel' has LevelScriptBlueprint '/Game/Book/Maps/Step2.Step2:PersistentLevel.Step2' with GeneratedClass '/Game/Book/Maps/Step2.Step2_C' with ClassGeneratedBy '/Game/Book/Maps/Step2.Step2:PersistentLevel.Step2'
[2020.03.15-16.56.05:737][417]LogSlate: FSceneViewport::OnFocusLost() reason 2
[2020.03.15-16.56.17:725][834]Cmd: displ
[2020.03.15-16.56.17:725][834]Command not recognized: displ
[2020.03.15-16.56.17:725][834]LogSlate: FSceneViewport::OnFocusLost() reason 2
[2020.03.15-16.56.28:056][ 72]LogSlate: FSceneViewport::OnFocusLost() reason 2
[2020.03.15-16.56.42:933][850]LogSlate: FSceneViewport::OnFocusLost() reason 2
[2020.03.15-16.57.49:000][707]LogBlueprintUserMessages: Early EndPlayMap Detection: Level '/Game/Book/Maps/Step2.Step2:PersistentLevel' has LevelScriptBlueprint '/Game/Book/Maps/Step2.Step2:PersistentLevel.Step2' with GeneratedClass '/Game/Book/Maps/Step2.Step2_C' with ClassGeneratedBy '/Game/Book/Maps/Step2.Step2:PersistentLevel.Step2'
[2020.03.15-16.57.49:001][707]LogSlate: Updating window title bar state: overlay mode, drag disabled, window buttons hidden, title bar hidden
[2020.03.15-16.57.49:030][707]LogPlayLevel: Display: Shutting down PIE online subsystems
[2020.03.15-16.57.49:031][707]LogBlueprintUserMessages: Late EndPlayMap Detection: Level '/Game/Book/Maps/Step2.Step2:PersistentLevel' has LevelScriptBlueprint '/Game/Book/Maps/Step2.Step2:PersistentLevel.Step2' with GeneratedClass '/Game/Book/Maps/Step2.Step2_C' with ClassGeneratedBy '/Game/Book/Maps/Step2.Step2:PersistentLevel.Step2'
[2020.03.15-16.57.49:054][707]LogSlate: Updating window title bar state: overlay mode, drag disabled, window buttons hidden, title bar hidden
[2020.03.15-16.57.49:060][707]LogUObjectHash: Compacting FUObjectHashTables data took   1.06ms
[2020.03.15-16.57.49:107][709]LogPlayLevel: Display: Destroying online subsystem :Context_7
[2020.03.15-16.58.57:880][199]LogSlate: FSceneViewport::OnFocusLost() reason 0
[2020.03.15-16.58.58:163][199]LogTemp: Repeating last play command: 선택된 뷰포트
[2020.03.15-16.58.58:178][199]LogBlueprintUserMessages: Early PlayInEditor Detection: Level '/Game/Book/Maps/Step2.Step2:PersistentLevel' has LevelScriptBlueprint '/Game/Book/Maps/Step2.Step2:PersistentLevel.Step2' with GeneratedClass '/Game/Book/Maps/Step2.Step2_C' with ClassGeneratedBy '/Game/Book/Maps/Step2.Step2:PersistentLevel.Step2'
[2020.03.15-16.58.58:178][199]LogPlayLevel: PlayLevel: No blueprints needed recompiling
[2020.03.15-16.58.58:178][199]PIE: New page: PIE 세션: Step2 (2020. 3. 16. 오전 10:58:58)
[2020.03.15-16.58.58:178][199]LogPlayLevel: Creating play world package: /Game/Book/Maps/UEDPIE_0_Step2
[2020.03.15-16.58.58:180][199]LogPlayLevel: PIE: StaticDuplicateObject took: (0.001918s)
[2020.03.15-16.58.58:181][199]LogAIModule: Creating AISystem for world Step2
[2020.03.15-16.58.58:181][199]LogPlayLevel: PIE: World Init took: (0.000535s)
[2020.03.15-16.58.58:181][199]LogPlayLevel: PIE: Created PIE world by copying editor world from /Game/Book/Maps/Step2.Step2 to /Game/Book/Maps/UEDPIE_0_Step2.Step2 (0.002540s)
[2020.03.15-16.58.58:200][199]LogUObjectHash: Compacting FUObjectHashTables data took   1.12ms
[2020.03.15-16.58.58:251][199]LogInit: XAudio2 using '스피커(Realtek High Definition Audio)' : 2 channels at 48 kHz using 32 bits per sample (channel mask 0x3)
[2020.03.15-16.58.58:277][199]LogInit: FAudioDevice initialized.
[2020.03.15-16.58.58:306][199]LogLoad: Game class is 'ABGameMode'
[2020.03.15-16.58.58:306][199]LogWorld: Bringing World /Game/Book/Maps/UEDPIE_0_Step2.Step2 up for play (max tick rate 0) at 2020.03.16-01.58.58
[2020.03.15-16.58.58:306][199]LogWorld: Bringing up level for play took: 0.000475
[2020.03.15-16.58.58:318][199]ArenaBattle: Warning: AABPlayerController::PostInitializeComponents(8)
[2020.03.15-16.58.58:318][199]ArenaBattle: Warning: AABGameMode::PostLogin(24) PostLogin Begin
[2020.03.15-16.58.58:319][199]ArenaBattle: Warning: AABGameMode::PostLogin(26) PostLogin End
[2020.03.15-16.58.58:319][199]PIE: /Game/Book/Maps/UEDPIE_0_Step2 에 대한 에디터에서 플레이 시작 시간: -0.838
[2020.03.15-16.58.58:319][199]LogBlueprintUserMessages: Late PlayInEditor Detection: Level '/Game/Book/Maps/Step2.Step2:PersistentLevel' has LevelScriptBlueprint '/Game/Book/Maps/Step2.Step2:PersistentLevel.Step2' with GeneratedClass '/Game/Book/Maps/Step2.Step2_C' with ClassGeneratedBy '/Game/Book/Maps/Step2.Step2:PersistentLevel.Step2'
[2020.03.15-16.59.00:815][481]LogSlate: FSceneViewport::OnFocusLost() reason 2
[2020.03.15-17.27.59:623][547]LogSlate: FSceneViewport::OnFocusLost() reason 2
[2020.03.15-17.28.44:160][215]LogSlate: FSceneViewport::OnFocusLost() reason 2
[2020.03.15-17.28.51:734][119]LogSlate: FSceneViewport::OnFocusLost() reason 2
[2020.03.15-17.29.33:777][646]LogSlate: FSceneViewport::OnFocusLost() reason 2
[2020.03.15-17.30.11:112][123]LogSlate: FSceneViewport::OnFocusLost() reason 2
[2020.03.15-17.30.15:694][670]LogBlueprintUserMessages: Early EndPlayMap Detection: Level '/Game/Book/Maps/Step2.Step2:PersistentLevel' has LevelScriptBlueprint '/Game/Book/Maps/Step2.Step2:PersistentLevel.Step2' with GeneratedClass '/Game/Book/Maps/Step2.Step2_C' with ClassGeneratedBy '/Game/Book/Maps/Step2.Step2:PersistentLevel.Step2'
[2020.03.15-17.30.15:695][670]LogSlate: Updating window title bar state: overlay mode, drag disabled, window buttons hidden, title bar hidden
[2020.03.15-17.30.15:725][670]LogPlayLevel: Display: Shutting down PIE online subsystems
[2020.03.15-17.30.15:725][670]LogBlueprintUserMessages: Late EndPlayMap Detection: Level '/Game/Book/Maps/Step2.Step2:PersistentLevel' has LevelScriptBlueprint '/Game/Book/Maps/Step2.Step2:PersistentLevel.Step2' with GeneratedClass '/Game/Book/Maps/Step2.Step2_C' with ClassGeneratedBy '/Game/Book/Maps/Step2.Step2:PersistentLevel.Step2'
[2020.03.15-17.30.15:750][670]LogSlate: Updating window title bar state: overlay mode, drag disabled, window buttons hidden, title bar hidden
[2020.03.15-17.30.15:753][670]LogUObjectHash: Compacting FUObjectHashTables data took   2.12ms
[2020.03.15-17.30.15:799][671]LogPlayLevel: Display: Destroying online subsystem :Context_8
[2020.03.15-17.30.25:075][775]LogSlate: FSceneViewport::OnFocusLost() reason 0
[2020.03.15-17.30.25:192][789]LogTemp: Repeating last play command: 선택된 뷰포트
[2020.03.15-17.30.25:202][789]LogBlueprintUserMessages: Early PlayInEditor Detection: Level '/Game/Book/Maps/Step2.Step2:PersistentLevel' has LevelScriptBlueprint '/Game/Book/Maps/Step2.Step2:PersistentLevel.Step2' with GeneratedClass '/Game/Book/Maps/Step2.Step2_C' with ClassGeneratedBy '/Game/Book/Maps/Step2.Step2:PersistentLevel.Step2'
[2020.03.15-17.30.25:202][789]LogPlayLevel: PlayLevel: No blueprints needed recompiling
[2020.03.15-17.30.25:202][789]PIE: New page: PIE 세션: Step2 (2020. 3. 16. 오전 11:30:25)
[2020.03.15-17.30.25:203][789]LogPlayLevel: Creating play world package: /Game/Book/Maps/UEDPIE_0_Step2
[2020.03.15-17.30.25:205][789]LogPlayLevel: PIE: StaticDuplicateObject took: (0.002335s)
[2020.03.15-17.30.25:206][789]LogAIModule: Creating AISystem for world Step2
[2020.03.15-17.30.25:206][789]LogPlayLevel: PIE: World Init took: (0.000727s)
[2020.03.15-17.30.25:206][789]LogPlayLevel: PIE: Created PIE world by copying editor world from /Game/Book/Maps/Step2.Step2 to /Game/Book/Maps/UEDPIE_0_Step2.Step2 (0.003175s)
[2020.03.15-17.30.25:228][789]LogUObjectHash: Compacting FUObjectHashTables data took   1.21ms
[2020.03.15-17.30.25:291][789]LogInit: XAudio2 using '스피커(Realtek High Definition Audio)' : 2 channels at 48 kHz using 32 bits per sample (channel mask 0x3)
[2020.03.15-17.30.25:319][789]LogInit: FAudioDevice initialized.
[2020.03.15-17.30.25:351][789]LogLoad: Game class is 'ABGameMode'
[2020.03.15-17.30.25:351][789]LogWorld: Bringing World /Game/Book/Maps/UEDPIE_0_Step2.Step2 up for play (max tick rate 0) at 2020.03.16-02.30.25
[2020.03.15-17.30.25:352][789]LogWorld: Bringing up level for play took: 0.000550
[2020.03.15-17.30.25:363][789]ArenaBattle: Warning: AABPlayerController::PostInitializeComponents(8)
[2020.03.15-17.30.25:363][789]ArenaBattle: Warning: AABGameMode::PostLogin(24) PostLogin Begin
[2020.03.15-17.30.25:364][789]ArenaBattle: Warning: AABGameMode::PostLogin(26) PostLogin End
[2020.03.15-17.30.25:364][789]PIE: /Game/Book/Maps/UEDPIE_0_Step2 에 대한 에디터에서 플레이 시작 시간: 0.206
[2020.03.15-17.30.25:364][789]LogBlueprintUserMessages: Late PlayInEditor Detection: Level '/Game/Book/Maps/Step2.Step2:PersistentLevel' has LevelScriptBlueprint '/Game/Book/Maps/Step2.Step2:PersistentLevel.Step2' with GeneratedClass '/Game/Book/Maps/Step2.Step2_C' with ClassGeneratedBy '/Game/Book/Maps/Step2.Step2:PersistentLevel.Step2'
[2020.03.15-17.30.29:176][240]LogSlate: FSceneViewport::OnFocusLost() reason 2
[2020.03.15-17.56.02:576][748]LogHotReload: New module detected: UE4Editor-ArenaBattle-0016.dll
[2020.03.15-18.10.05:771][264]LogHotReload: New module detected: UE4Editor-ArenaBattle-0017.dll
[2020.03.15-18.10.35:902][354]LogHotReload: New module detected: UE4Editor-ArenaBattle-0018.dll
[2020.03.15-18.14.13:702][  5]LogHotReload: New module detected: UE4Editor-ArenaBattle-0022.dll
[2020.03.15-18.14.18:729][116]LogBlueprintUserMessages: Early EndPlayMap Detection: Level '/Game/Book/Maps/Step2.Step2:PersistentLevel' has LevelScriptBlueprint '/Game/Book/Maps/Step2.Step2:PersistentLevel.Step2' with GeneratedClass '/Game/Book/Maps/Step2.Step2_C' with ClassGeneratedBy '/Game/Book/Maps/Step2.Step2:PersistentLevel.Step2'
[2020.03.15-18.14.18:730][116]LogSlate: Updating window title bar state: overlay mode, drag disabled, window buttons hidden, title bar hidden
[2020.03.15-18.14.18:755][116]LogPlayLevel: Display: Shutting down PIE online subsystems
[2020.03.15-18.14.18:756][116]LogBlueprintUserMessages: Late EndPlayMap Detection: Level '/Game/Book/Maps/Step2.Step2:PersistentLevel' has LevelScriptBlueprint '/Game/Book/Maps/Step2.Step2:PersistentLevel.Step2' with GeneratedClass '/Game/Book/Maps/Step2.Step2_C' with ClassGeneratedBy '/Game/Book/Maps/Step2.Step2:PersistentLevel.Step2'
[2020.03.15-18.14.18:784][116]LogSlate: Updating window title bar state: overlay mode, drag disabled, window buttons hidden, title bar hidden
[2020.03.15-18.14.18:787][116]LogUObjectHash: Compacting FUObjectHashTables data took   1.67ms
[2020.03.15-18.14.18:840][119]LogPlayLevel: Display: Destroying online subsystem :Context_10
[2020.03.15-18.14.20:164][252]LogTemp: Repeating last play command: 선택된 뷰포트
[2020.03.15-18.14.20:174][252]LogBlueprintUserMessages: Early PlayInEditor Detection: Level '/Game/Book/Maps/Step2.Step2:PersistentLevel' has LevelScriptBlueprint '/Game/Book/Maps/Step2.Step2:PersistentLevel.Step2' with GeneratedClass '/Game/Book/Maps/Step2.Step2_C' with ClassGeneratedBy '/Game/Book/Maps/Step2.Step2:PersistentLevel.Step2'
[2020.03.15-18.14.20:174][252]LogPlayLevel: PlayLevel: No blueprints needed recompiling
[2020.03.15-18.14.20:174][252]PIE: New page: PIE 세션: Step2 (2020. 3. 16. 오후 12:14:20)
[2020.03.15-18.14.20:174][252]LogPlayLevel: Creating play world package: /Game/Book/Maps/UEDPIE_0_Step2
[2020.03.15-18.14.20:177][252]LogPlayLevel: PIE: StaticDuplicateObject took: (0.002823s)
[2020.03.15-18.14.20:178][252]LogAIModule: Creating AISystem for world Step2
[2020.03.15-18.14.20:178][252]LogPlayLevel: PIE: World Init took: (0.000724s)
[2020.03.15-18.14.20:178][252]LogPlayLevel: PIE: Created PIE world by copying editor world from /Game/Book/Maps/Step2.Step2 to /Game/Book/Maps/UEDPIE_0_Step2.Step2 (0.003651s)
[2020.03.15-18.14.20:199][252]LogUObjectHash: Compacting FUObjectHashTables data took   1.04ms
[2020.03.15-18.14.20:253][252]LogInit: XAudio2 using '스피커(Realtek High Definition Audio)' : 2 channels at 48 kHz using 32 bits per sample (channel mask 0x3)
[2020.03.15-18.14.20:280][252]LogInit: FAudioDevice initialized.
[2020.03.15-18.14.20:307][252]LogLoad: Game class is 'ABGameMode'
[2020.03.15-18.14.20:308][252]LogWorld: Bringing World /Game/Book/Maps/UEDPIE_0_Step2.Step2 up for play (max tick rate 0) at 2020.03.16-03.14.20
[2020.03.15-18.14.20:308][252]LogWorld: Bringing up level for play took: 0.000752
[2020.03.15-18.14.20:320][252]ArenaBattle: Warning: AABPlayerController::PostInitializeComponents(8)
[2020.03.15-18.14.20:321][252]ArenaBattle: Warning: AABGameMode::PostLogin(24) PostLogin Begin
[2020.03.15-18.14.20:321][252]ArenaBattle: Warning: AABGameMode::PostLogin(26) PostLogin End
[2020.03.15-18.14.20:322][252]PIE: /Game/Book/Maps/UEDPIE_0_Step2 에 대한 에디터에서 플레이 시작 시간: -0.837
[2020.03.15-18.14.20:322][252]LogBlueprintUserMessages: Late PlayInEditor Detection: Level '/Game/Book/Maps/Step2.Step2:PersistentLevel' has LevelScriptBlueprint '/Game/Book/Maps/Step2.Step2:PersistentLevel.Step2' with GeneratedClass '/Game/Book/Maps/Step2.Step2_C' with ClassGeneratedBy '/Game/Book/Maps/Step2.Step2:PersistentLevel.Step2'
[2020.03.15-18.14.23:537][634]LogBlueprintUserMessages: Early EndPlayMap Detection: Level '/Game/Book/Maps/Step2.Step2:PersistentLevel' has LevelScriptBlueprint '/Game/Book/Maps/Step2.Step2:PersistentLevel.Step2' with GeneratedClass '/Game/Book/Maps/Step2.Step2_C' with ClassGeneratedBy '/Game/Book/Maps/Step2.Step2:PersistentLevel.Step2'
[2020.03.15-18.14.23:537][634]LogSlate: Updating window title bar state: overlay mode, drag disabled, window buttons hidden, title bar hidden
[2020.03.15-18.14.23:568][634]LogPlayLevel: Display: Shutting down PIE online subsystems
[2020.03.15-18.14.23:568][634]LogBlueprintUserMessages: Late EndPlayMap Detection: Level '/Game/Book/Maps/Step2.Step2:PersistentLevel' has LevelScriptBlueprint '/Game/Book/Maps/Step2.Step2:PersistentLevel.Step2' with GeneratedClass '/Game/Book/Maps/Step2.Step2_C' with ClassGeneratedBy '/Game/Book/Maps/Step2.Step2:PersistentLevel.Step2'
[2020.03.15-18.14.23:592][634]LogSlate: Updating window title bar state: overlay mode, drag disabled, window buttons hidden, title bar hidden
[2020.03.15-18.14.23:595][634]LogUObjectHash: Compacting FUObjectHashTables data took   1.01ms
[2020.03.15-18.14.23:621][635]LogHotReload: Starting Hot-Reload from IDE
[2020.03.15-18.14.23:627][635]LogSlate: FSceneViewport::OnFocusLost() reason 2
[2020.03.15-18.14.23:662][635]LogUObjectHash: Compacting FUObjectHashTables data took   0.57ms
[2020.03.15-18.14.23:707][635]LogHotReload: Re-instancing ABCharacter after hot-reload.
[2020.03.15-18.14.24:027][635]LogContentBrowser: Native class hierarchy updated for 'ArenaBattle' in 0.0007 seconds. Added 4 classes and 2 folders.
[2020.03.15-18.14.24:031][635]Display: HotReload successful (0 functions remapped  0 scriptstructs remapped)
[2020.03.15-18.14.24:146][635]LogUObjectHash: Compacting FUObjectHashTables data took   1.21ms
[2020.03.15-18.14.24:163][635]LogContentBrowser: Native class hierarchy populated in 0.0104 seconds. Added 2737 classes and 663 folders.
[2020.03.15-18.14.24:223][635]Display: HotReload took  0.6s.
[2020.03.15-18.14.24:226][635]LogPlayLevel: Display: Destroying online subsystem :Context_11
[2020.03.15-18.14.25:828][814]LogSlate: FSceneViewport::OnFocusLost() reason 0
[2020.03.15-18.14.25:895][822]LogTemp: Repeating last play command: 선택된 뷰포트
[2020.03.15-18.14.25:907][822]LogBlueprintUserMessages: Early PlayInEditor Detection: Level '/Game/Book/Maps/Step2.Step2:PersistentLevel' has LevelScriptBlueprint '/Game/Book/Maps/Step2.Step2:PersistentLevel.Step2' with GeneratedClass '/Game/Book/Maps/Step2.Step2_C' with ClassGeneratedBy '/Game/Book/Maps/Step2.Step2:PersistentLevel.Step2'
[2020.03.15-18.14.25:907][822]LogPlayLevel: PlayLevel: No blueprints needed recompiling
[2020.03.15-18.14.25:907][822]PIE: New page: PIE 세션: Step2 (2020. 3. 16. 오후 12:14:25)
[2020.03.15-18.14.25:908][822]LogPlayLevel: Creating play world package: /Game/Book/Maps/UEDPIE_0_Step2
[2020.03.15-18.14.25:909][822]LogPlayLevel: PIE: StaticDuplicateObject took: (0.001897s)
[2020.03.15-18.14.25:910][822]LogAIModule: Creating AISystem for world Step2
[2020.03.15-18.14.25:910][822]LogPlayLevel: PIE: World Init took: (0.000638s)
[2020.03.15-18.14.25:910][822]LogPlayLevel: PIE: Created PIE world by copying editor world from /Game/Book/Maps/Step2.Step2 to /Game/Book/Maps/UEDPIE_0_Step2.Step2 (0.002657s)
[2020.03.15-18.14.25:929][822]LogUObjectHash: Compacting FUObjectHashTables data took   1.21ms
[2020.03.15-18.14.25:993][822]LogInit: XAudio2 using '스피커(Realtek High Definition Audio)' : 2 channels at 48 kHz using 32 bits per sample (channel mask 0x3)
[2020.03.15-18.14.26:019][822]LogInit: FAudioDevice initialized.
[2020.03.15-18.14.26:047][822]LogLoad: Game class is 'ABGameMode'
[2020.03.15-18.14.26:048][822]LogWorld: Bringing World /Game/Book/Maps/UEDPIE_0_Step2.Step2 up for play (max tick rate 0) at 2020.03.16-03.14.26
[2020.03.15-18.14.26:048][822]LogWorld: Bringing up level for play took: 0.000633
[2020.03.15-18.14.26:060][822]ArenaBattle: Warning: AABPlayerController::PostInitializeComponents(8)
[2020.03.15-18.14.26:060][822]ArenaBattle: Warning: AABGameMode::PostLogin(24) PostLogin Begin
[2020.03.15-18.14.26:061][822]ArenaBattle: Warning: AABGameMode::PostLogin(26) PostLogin End
[2020.03.15-18.14.26:061][822]PIE: /Game/Book/Maps/UEDPIE_0_Step2 에 대한 에디터에서 플레이 시작 시간: 0.903
[2020.03.15-18.14.26:061][822]LogBlueprintUserMessages: Late PlayInEditor Detection: Level '/Game/Book/Maps/Step2.Step2:PersistentLevel' has LevelScriptBlueprint '/Game/Book/Maps/Step2.Step2:PersistentLevel.Step2' with GeneratedClass '/Game/Book/Maps/Step2.Step2_C' with ClassGeneratedBy '/Game/Book/Maps/Step2.Step2:PersistentLevel.Step2'
[2020.03.15-18.14.31:388][458]LogBlueprintUserMessages: Early EndPlayMap Detection: Level '/Game/Book/Maps/Step2.Step2:PersistentLevel' has LevelScriptBlueprint '/Game/Book/Maps/Step2.Step2:PersistentLevel.Step2' with GeneratedClass '/Game/Book/Maps/Step2.Step2_C' with ClassGeneratedBy '/Game/Book/Maps/Step2.Step2:PersistentLevel.Step2'
[2020.03.15-18.14.31:389][458]LogSlate: Updating window title bar state: overlay mode, drag disabled, window buttons hidden, title bar hidden
[2020.03.15-18.14.31:416][458]LogPlayLevel: Display: Shutting down PIE online subsystems
[2020.03.15-18.14.31:416][458]LogBlueprintUserMessages: Late EndPlayMap Detection: Level '/Game/Book/Maps/Step2.Step2:PersistentLevel' has LevelScriptBlueprint '/Game/Book/Maps/Step2.Step2:PersistentLevel.Step2' with GeneratedClass '/Game/Book/Maps/Step2.Step2_C' with ClassGeneratedBy '/Game/Book/Maps/Step2.Step2:PersistentLevel.Step2'
[2020.03.15-18.14.31:440][458]LogSlate: Updating window title bar state: overlay mode, drag disabled, window buttons hidden, title bar hidden
[2020.03.15-18.14.31:443][458]LogUObjectHash: Compacting FUObjectHashTables data took   1.18ms
[2020.03.15-18.14.31:495][461]LogPlayLevel: Display: Destroying online subsystem :Context_12
