Log file open, 10/15/19 02:40:17
LogWindows: Failed to load 'aqProf.dll' (GetLastError=126)
LogWindows: File 'aqProf.dll' does not exist
LogWindows: Failed to load 'VtuneApi.dll' (GetLastError=126)
LogWindows: File 'VtuneApi.dll' does not exist
LogWindows: Failed to load 'VtuneApi32e.dll' (GetLastError=126)
LogWindows: File 'VtuneApi32e.dll' does not exist
LogConsoleResponse: Display: Failed to find resolution value strings in scalability ini. Falling back to default.
LogInit: Display: Running engine for game: ArenaBattle
LogPakFile: Registered encryption key '00000000000000000000000000000000': 0 pak files mounted, 0 remain pending
LogPlatformFile: Not using cached read wrapper
LogTaskGraph: Started task graph with 5 named threads and 23 total threads with 3 sets of task threads.
LogStats: Stats thread started at 0.393921
LogD3D11RHI: Loaded GFSDK_Aftermath_Lib.x64.dll
LogICUInternationalization: ICU TimeZone Detection - Raw Offset: +9:00, Platform Override: ''
LogPluginManager: Mounting plugin Paper2D
LogPluginManager: Mounting plugin AISupport
LogPluginManager: Mounting plugin LightPropagationVolume
LogPluginManager: Mounting plugin ActorLayerUtilities
LogPluginManager: Mounting plugin AnimationSharing
LogPluginManager: Mounting plugin CLionSourceCodeAccess
LogPluginManager: Mounting plugin CodeLiteSourceCodeAccess
LogPluginManager: Mounting plugin GitSourceControl
LogPluginManager: Mounting plugin KDevelopSourceCodeAccess
LogPluginManager: Mounting plugin NullSourceCodeAccess
LogPluginManager: Mounting plugin PerforceSourceControl
LogPluginManager: Mounting plugin SubversionSourceControl
LogPluginManager: Mounting plugin UObjectPlugin
LogPluginManager: Mounting plugin VisualStudioCodeSourceCodeAccess
LogPluginManager: Mounting plugin VisualStudioSourceCodeAccess
LogPluginManager: Mounting plugin XCodeSourceCodeAccess
LogPluginManager: Mounting plugin AssetManagerEditor
LogPluginManager: Mounting plugin CryptoKeys
LogPluginManager: Mounting plugin DataValidation
LogPluginManager: Mounting plugin FacialAnimation
LogPluginManager: Mounting plugin GameplayTagsEditor
LogPluginManager: Mounting plugin MacGraphicsSwitching
LogPluginManager: Mounting plugin MaterialAnalyzer
LogPluginManager: Mounting plugin MobileLauncherProfileWizard
LogPluginManager: Mounting plugin PluginBrowser
LogPluginManager: Mounting plugin SpeedTreeImporter
LogPluginManager: Mounting plugin DatasmithContent
LogPluginManager: Mounting plugin VariantManagerContent
LogPluginManager: Mounting plugin AlembicImporter
LogPluginManager: Mounting plugin AppleImageUtils
LogPluginManager: Mounting plugin AppleVision
LogPluginManager: Mounting plugin BackChannel
LogPluginManager: Mounting plugin CharacterAI
LogPluginManager: Mounting plugin GeometryCache
LogPluginManager: Mounting plugin HTML5Networking
LogPluginManager: Mounting plugin ProxyLODPlugin
LogPluginManager: Mounting plugin SkeletalReduction
LogPluginManager: Mounting plugin MagicLeap
LogPluginManager: Mounting plugin MagicLeapMedia
LogPluginManager: Mounting plugin AndroidMedia
LogPluginManager: Mounting plugin AvfMedia
LogPluginManager: Mounting plugin ImgMedia
LogPluginManager: Mounting plugin LinearTimecode
LogPluginManager: Mounting plugin MediaCompositing
LogPluginManager: Mounting plugin MediaPlayerEditor
LogPluginManager: Mounting plugin WebMMedia
LogPluginManager: Mounting plugin WmfMedia
LogPluginManager: Mounting plugin TcpMessaging
LogPluginManager: Mounting plugin UdpMessaging
LogPluginManager: Mounting plugin ActorSequence
LogPluginManager: Mounting plugin LevelSequenceEditor
LogPluginManager: Mounting plugin MatineeToLevelSequence
LogPluginManager: Mounting plugin NetcodeUnitTest
LogPluginManager: Mounting plugin NUTUnrealEngine4
LogPluginManager: Mounting plugin OnlineSubsystemGooglePlay
LogPluginManager: Mounting plugin OnlineSubsystemIOS
LogPluginManager: Mounting plugin OnlineSubsystem
LogPluginManager: Mounting plugin OnlineSubsystemNull
LogPluginManager: Mounting plugin OnlineSubsystemUtils
LogPluginManager: Mounting plugin LauncherChunkInstaller
LogPluginManager: Mounting plugin AndroidDeviceProfileSelector
LogPluginManager: Mounting plugin AndroidMoviePlayer
LogPluginManager: Mounting plugin AndroidPermission
LogPluginManager: Mounting plugin AppleMoviePlayer
LogPluginManager: Mounting plugin ArchVisCharacter
LogPluginManager: Mounting plugin AudioCapture
LogPluginManager: Mounting plugin CableComponent
LogPluginManager: Mounting plugin CustomMeshComponent
LogPluginManager: Mounting plugin EditableMesh
LogPluginManager: Mounting plugin ExampleDeviceProfileSelector
LogPluginManager: Mounting plugin Firebase
LogPluginManager: Mounting plugin GoogleCloudMessaging
LogPluginManager: Mounting plugin IOSDeviceProfileSelector
LogPluginManager: Mounting plugin LinuxDeviceProfileSelector
LogPluginManager: Mounting plugin LocationServicesBPLibrary
LogPluginManager: Mounting plugin MobilePatchingUtils
LogPluginManager: Mounting plugin OculusVR
LogPluginManager: Mounting plugin PhysXVehicles
LogPluginManager: Mounting plugin ProceduralMeshComponent
LogPluginManager: Mounting plugin RuntimePhysXCooking
LogPluginManager: Mounting plugin SignificanceManager
LogPluginManager: Mounting plugin SteamVR
LogPluginManager: Mounting plugin WebMMoviePlayer
LogPluginManager: Mounting plugin WindowsMoviePlayer
LogInit: Using libcurl 7.55.1-DEV
LogInit:  - built for x86_64-pc-win32
LogInit:  - supports SSL with OpenSSL/1.1.1
LogInit:  - supports HTTP deflate (compression) using libz 1.2.8
LogInit:  - other features:
LogInit:      CURL_VERSION_SSL
LogInit:      CURL_VERSION_LIBZ
LogInit:      CURL_VERSION_IPV6
LogInit:      CURL_VERSION_ASYNCHDNS
LogInit:      CURL_VERSION_LARGEFILE
LogInit:      CURL_VERSION_IDN
LogInit:  CurlRequestOptions (configurable via config and command line):
LogInit:  - bVerifyPeer = true  - Libcurl will verify peer certificate
LogInit:  - bUseHttpProxy = false  - Libcurl will NOT use HTTP proxy
LogInit:  - bDontReuseConnections = false  - Libcurl will reuse connections
LogInit:  - MaxHostConnections = 16  - Libcurl will limit the number of connections to a host
LogInit:  - LocalHostAddr = Default
LogInit:  - BufferSize = 65536
LogInit: WinSock: version 1.1 (2.2), MaxSocks=32767, MaxUdp=65467
LogInit: Build: ++UE4+Release-4.22-CL-7053642
LogInit: Engine Version: 4.22.3-7053642+++UE4+Release-4.22
LogInit: Compatible Engine Version: 4.22.0-5660361+++UE4+Release-4.22
LogInit: Net CL: 5660361
LogInit: OS: Windows 10 (Release 1903) (), CPU: Intel(R) Core(TM) i7-4790K CPU @ 4.00GHz, GPU: NVIDIA GeForce GTX 970
LogInit: Compiled (64-bit): Jun 18 2019 03:09:11
LogInit: Compiled with Visual C++: 19.16.27025.01
LogInit: Build Configuration: Development
LogInit: Branch Name: ++UE4+Release-4.22
LogInit: Command Line:  -skipcompile
LogInit: Base Directory: G:/Epic Games/UE_4.22/Engine/Binaries/Win64/
LogInit: Installed Engine Build: 1
LogDevObjectVersion: Number of dev versions registered: 23
LogDevObjectVersion:   Dev-Blueprints (B0D832E4-1F89-4F0D-ACCF-7EB736FD4AA2): 10
LogDevObjectVersion:   Dev-Build (E1C64328-A22C-4D53-A36C-8E866417BD8C): 0
LogDevObjectVersion:   Dev-Core (375EC13C-06E4-48FB-B500-84F0262A717E): 3
LogDevObjectVersion:   Dev-Editor (E4B068ED-F494-42E9-A231-DA0B2E46BB41): 30
LogDevObjectVersion:   Dev-Framework (CFFC743F-43B0-4480-9391-14DF171D2073): 35
LogDevObjectVersion:   Dev-Mobile (B02B49B5-BB20-44E9-A304-32B752E40360): 2
LogDevObjectVersion:   Dev-Networking (A4E4105C-59A1-49B5-A7C5-40C4547EDFEE): 0
LogDevObjectVersion:   Dev-Online (39C831C9-5AE6-47DC-9A44-9C173E1C8E7C): 0
LogDevObjectVersion:   Dev-Physics (78F01B33-EBEA-4F98-B9B4-84EACCB95AA2): 0
LogDevObjectVersion:   Dev-Platform (6631380F-2D4D-43E0-8009-CF276956A95A): 0
LogDevObjectVersion:   Dev-Rendering (12F88B9F-8875-4AFC-A67C-D90C383ABD29): 28
LogDevObjectVersion:   Dev-Sequencer (7B5AE74C-D270-4C10-A958-57980B212A5A): 11
LogDevObjectVersion:   Dev-VR (D7296918-1DD6-4BDD-9DE2-64A83CC13884): 2
LogDevObjectVersion:   Dev-LoadTimes (C2A15278-BFE7-4AFE-6C17-90FF531DF755): 1
LogDevObjectVersion:   Private-Geometry (6EACA3D4-40EC-4CC1-B786-8BED09428FC5): 3
LogDevObjectVersion:   Dev-AnimPhys (29E575DD-E0A3-4627-9D10-D276232CDCEA): 17
LogDevObjectVersion:   Dev-Anim (AF43A65D-7FD3-4947-9873-3E8ED9C1BB05): 2
LogDevObjectVersion:   Dev-ReflectionCapture (6B266CEC-1EC7-4B8F-A30B-E4D90942FC07): 1
LogDevObjectVersion:   Dev-Automation (0DF73D61-A23F-47EA-B727-89E90C41499A): 1
LogDevObjectVersion:   FortniteMain (601D1886-AC64-4F84-AA16-D3DE0DEAC7D6): 25
LogDevObjectVersion:   Dev-Enterprise (9DFFBCD6-494F-0158-E221-12823C92A888): 6
LogDevObjectVersion:   Dev-Niagara (F2AED0AC-9AFE-416F-8664-AA7FFA26D6FC): 1
LogDevObjectVersion:   Dev-Destruction (174F1F0B-B4C6-45A5-B13F-2EE8D0FB917D): 2
LogInit: Presizing for max 16777216 objects, including 0 objects not considered by GC, pre-allocating 0 bytes for permanent pool.
LogInit: Object subsystem initialized
LogConfig: Setting CVar [[con.DebugEarlyDefault:1]]
LogConfig: Setting CVar [[r.setres:1280x720]]
[2019.10.14-17.40.18:151][  0]LogConfig: Setting CVar [[r.VSync:0]]
[2019.10.14-17.40.18:151][  0]LogConfig: Setting CVar [[r.RHICmdBypass:0]]
[2019.10.14-17.40.18:151][  0]LogConfig: Applying CVar settings from Section [/Script/Engine.RendererSettings] File [C:/Users/ldh94/Desktop/Chapter5/Saved/Config/Windows/Engine.ini]
[2019.10.14-17.40.18:151][  0]LogConfig: Setting CVar [[r.GPUCrashDebugging:0]]
[2019.10.14-17.40.18:151][  0]LogConfig: Applying CVar settings from Section [/Script/Engine.RendererOverrideSettings] File [C:/Users/ldh94/Desktop/Chapter5/Saved/Config/Windows/Engine.ini]
[2019.10.14-17.40.18:151][  0]LogConfig: Applying CVar settings from Section [/Script/Engine.StreamingSettings] File [C:/Users/ldh94/Desktop/Chapter5/Saved/Config/Windows/Engine.ini]
[2019.10.14-17.40.18:151][  0]LogConfig: Setting CVar [[s.MinBulkDataSizeForAsyncLoading:131072]]
[2019.10.14-17.40.18:151][  0]LogConfig: Setting CVar [[s.AsyncLoadingThreadEnabled:0]]
[2019.10.14-17.40.18:151][  0]LogConfig: Setting CVar [[s.EventDrivenLoaderEnabled:1]]
[2019.10.14-17.40.18:151][  0]LogConfig: Setting CVar [[s.WarnIfTimeLimitExceeded:0]]
[2019.10.14-17.40.18:151][  0]LogConfig: Setting CVar [[s.TimeLimitExceededMultiplier:1.5]]
[2019.10.14-17.40.18:151][  0]LogConfig: Setting CVar [[s.TimeLimitExceededMinTime:0.005]]
[2019.10.14-17.40.18:151][  0]LogConfig: Setting CVar [[s.UseBackgroundLevelStreaming:1]]
[2019.10.14-17.40.18:151][  0]LogConfig: Setting CVar [[s.PriorityAsyncLoadingExtraTime:15.0]]
[2019.10.14-17.40.18:151][  0]LogConfig: Setting CVar [[s.LevelStreamingActorsUpdateTimeLimit:5.0]]
[2019.10.14-17.40.18:151][  0]LogConfig: Setting CVar [[s.PriorityLevelStreamingActorsUpdateExtraTime:5.0]]
[2019.10.14-17.40.18:152][  0]LogConfig: Setting CVar [[s.LevelStreamingComponentsRegistrationGranularity:10]]
[2019.10.14-17.40.18:152][  0]LogConfig: Setting CVar [[s.UnregisterComponentsTimeLimit:1.0]]
[2019.10.14-17.40.18:152][  0]LogConfig: Setting CVar [[s.LevelStreamingComponentsUnregistrationGranularity:5]]
[2019.10.14-17.40.18:152][  0]LogConfig: Applying CVar settings from Section [/Script/Engine.GarbageCollectionSettings] File [C:/Users/ldh94/Desktop/Chapter5/Saved/Config/Windows/Engine.ini]
[2019.10.14-17.40.18:152][  0]LogConfig: Setting CVar [[gc.MaxObjectsNotConsideredByGC:1]]
[2019.10.14-17.40.18:152][  0]LogConfig: Setting CVar [[gc.SizeOfPermanentObjectPool:0]]
[2019.10.14-17.40.18:152][  0]LogConfig: Setting CVar [[gc.FlushStreamingOnGC:0]]
[2019.10.14-17.40.18:152][  0]LogConfig: Setting CVar [[gc.NumRetriesBeforeForcingGC:10]]
[2019.10.14-17.40.18:152][  0]LogConfig: Setting CVar [[gc.AllowParallelGC:1]]
[2019.10.14-17.40.18:152][  0]LogConfig: Setting CVar [[gc.TimeBetweenPurgingPendingKillObjects:61.1]]
[2019.10.14-17.40.18:152][  0]LogConfig: Setting CVar [[gc.MaxObjectsInEditor:16777216]]
[2019.10.14-17.40.18:152][  0]LogConfig: Setting CVar [[gc.IncrementalBeginDestroyEnabled:1]]
[2019.10.14-17.40.18:152][  0]LogConfig: Setting CVar [[gc.CreateGCClusters:1]]
[2019.10.14-17.40.18:152][  0]LogConfig: Setting CVar [[gc.MinGCClusterSize:5]]
[2019.10.14-17.40.18:152][  0]LogConfig: Setting CVar [[gc.ActorClusteringEnabled:0]]
[2019.10.14-17.40.18:152][  0]LogConfig: Setting CVar [[gc.BlueprintClusteringEnabled:0]]
[2019.10.14-17.40.18:152][  0]LogConfig: Setting CVar [[gc.UseDisregardForGCOnDedicatedServers:0]]
[2019.10.14-17.40.18:153][  0]LogConfig: Applying CVar settings from Section [/Script/Engine.NetworkSettings] File [C:/Users/ldh94/Desktop/Chapter5/Saved/Config/Windows/Engine.ini]
[2019.10.14-17.40.18:153][  0]LogConfig: Applying CVar settings from Section [/Script/UnrealEd.CookerSettings] File [C:/Users/ldh94/Desktop/Chapter5/Saved/Config/Windows/Engine.ini]
[2019.10.14-17.40.18:161][  0]LogConfig: Applying CVar settings from Section [ViewDistanceQuality@3] File [C:/Users/ldh94/Desktop/Chapter5/Saved/Config/Windows/Scalability.ini]
[2019.10.14-17.40.18:162][  0]LogConfig: Setting CVar [[r.SkeletalMeshLODBias:0]]
[2019.10.14-17.40.18:162][  0]LogConfig: Setting CVar [[r.ViewDistanceScale:1.0]]
[2019.10.14-17.40.18:162][  0]LogConfig: Applying CVar settings from Section [AntiAliasingQuality@3] File [C:/Users/ldh94/Desktop/Chapter5/Saved/Config/Windows/Scalability.ini]
[2019.10.14-17.40.18:162][  0]LogConfig: Setting CVar [[r.PostProcessAAQuality:4]]
[2019.10.14-17.40.18:162][  0]LogConfig: Applying CVar settings from Section [ShadowQuality@3] File [C:/Users/ldh94/Desktop/Chapter5/Saved/Config/Windows/Scalability.ini]
[2019.10.14-17.40.18:162][  0]LogConfig: Setting CVar [[r.LightFunctionQuality:1]]
[2019.10.14-17.40.18:162][  0]LogConfig: Setting CVar [[r.ShadowQuality:5]]
[2019.10.14-17.40.18:162][  0]LogConfig: Setting CVar [[r.Shadow.CSM.MaxCascades:10]]
[2019.10.14-17.40.18:162][  0]LogConfig: Setting CVar [[r.Shadow.MaxResolution:2048]]
[2019.10.14-17.40.18:162][  0]LogConfig: Setting CVar [[r.Shadow.MaxCSMResolution:2048]]
[2019.10.14-17.40.18:162][  0]LogConfig: Setting CVar [[r.Shadow.RadiusThreshold:0.01]]
[2019.10.14-17.40.18:162][  0]LogConfig: Setting CVar [[r.Shadow.DistanceScale:1.0]]
[2019.10.14-17.40.18:162][  0]LogConfig: Setting CVar [[r.Shadow.CSM.TransitionScale:1.0]]
[2019.10.14-17.40.18:162][  0]LogConfig: Setting CVar [[r.Shadow.PreShadowResolutionFactor:1.0]]
[2019.10.14-17.40.18:162][  0]LogConfig: Setting CVar [[r.DistanceFieldShadowing:1]]
[2019.10.14-17.40.18:162][  0]LogConfig: Setting CVar [[r.DistanceFieldAO:1]]
[2019.10.14-17.40.18:162][  0]LogConfig: Setting CVar [[r.AOQuality:2]]
[2019.10.14-17.40.18:162][  0]LogConfig: Setting CVar [[r.VolumetricFog:1]]
[2019.10.14-17.40.18:163][  0]LogConfig: Setting CVar [[r.VolumetricFog.GridPixelSize:8]]
[2019.10.14-17.40.18:163][  0]LogConfig: Setting CVar [[r.VolumetricFog.GridSizeZ:128]]
[2019.10.14-17.40.18:163][  0]LogConfig: Setting CVar [[r.VolumetricFog.HistoryMissSupersampleCount:4]]
[2019.10.14-17.40.18:163][  0]LogConfig: Setting CVar [[r.LightMaxDrawDistanceScale:1]]
[2019.10.14-17.40.18:163][  0]LogConfig: Setting CVar [[r.CapsuleShadows:1]]
[2019.10.14-17.40.18:163][  0]LogConfig: Applying CVar settings from Section [PostProcessQuality@3] File [C:/Users/ldh94/Desktop/Chapter5/Saved/Config/Windows/Scalability.ini]
[2019.10.14-17.40.18:163][  0]LogConfig: Setting CVar [[r.MotionBlurQuality:4]]
[2019.10.14-17.40.18:163][  0]LogConfig: Setting CVar [[r.AmbientOcclusionMipLevelFactor:0.4]]
[2019.10.14-17.40.18:163][  0]LogConfig: Setting CVar [[r.AmbientOcclusionMaxQuality:100]]
[2019.10.14-17.40.18:163][  0]LogConfig: Setting CVar [[r.AmbientOcclusionLevels:-1]]
[2019.10.14-17.40.18:163][  0]LogConfig: Setting CVar [[r.AmbientOcclusionRadiusScale:1.0]]
[2019.10.14-17.40.18:163][  0]LogConfig: Setting CVar [[r.DepthOfFieldQuality:2]]
[2019.10.14-17.40.18:163][  0]LogConfig: Setting CVar [[r.RenderTargetPoolMin:400]]
[2019.10.14-17.40.18:163][  0]LogConfig: Setting CVar [[r.LensFlareQuality:2]]
[2019.10.14-17.40.18:163][  0]LogConfig: Setting CVar [[r.SceneColorFringeQuality:1]]
[2019.10.14-17.40.18:163][  0]LogConfig: Setting CVar [[r.EyeAdaptationQuality:2]]
[2019.10.14-17.40.18:163][  0]LogConfig: Setting CVar [[r.BloomQuality:5]]
[2019.10.14-17.40.18:163][  0]LogConfig: Setting CVar [[r.FastBlurThreshold:100]]
[2019.10.14-17.40.18:163][  0]LogConfig: Setting CVar [[r.Upscale.Quality:3]]
[2019.10.14-17.40.18:163][  0]LogConfig: Setting CVar [[r.Tonemapper.GrainQuantization:1]]
[2019.10.14-17.40.18:164][  0]LogConfig: Setting CVar [[r.LightShaftQuality:1]]
[2019.10.14-17.40.18:164][  0]LogConfig: Setting CVar [[r.Filter.SizeScale:1]]
[2019.10.14-17.40.18:164][  0]LogConfig: Setting CVar [[r.Tonemapper.Quality:5]]
[2019.10.14-17.40.18:164][  0]LogConfig: Setting CVar [[r.DOF.Gather.AccumulatorQuality:1        ; higher gathering accumulator quality]]
[2019.10.14-17.40.18:164][  0]LogConfig: Setting CVar [[r.DOF.Gather.PostfilterMethod:1          ; Median3x3 postfilering method]]
[2019.10.14-17.40.18:164][  0]LogConfig: Setting CVar [[r.DOF.Gather.EnableBokehSettings:0       ; no bokeh simulation when gathering]]
[2019.10.14-17.40.18:164][  0]LogConfig: Setting CVar [[r.DOF.Gather.RingCount:4                 ; medium number of samples when gathering]]
[2019.10.14-17.40.18:164][  0]LogConfig: Setting CVar [[r.DOF.Scatter.ForegroundCompositing:1    ; additive foreground scattering]]
[2019.10.14-17.40.18:164][  0]LogConfig: Setting CVar [[r.DOF.Scatter.BackgroundCompositing:2    ; additive background scattering]]
[2019.10.14-17.40.18:164][  0]LogConfig: Setting CVar [[r.DOF.Scatter.EnableBokehSettings:1      ; bokeh simulation when scattering]]
[2019.10.14-17.40.18:164][  0]LogConfig: Setting CVar [[r.DOF.Scatter.MaxSpriteRatio:0.1         ; only a maximum of 10% of scattered bokeh]]
[2019.10.14-17.40.18:164][  0]LogConfig: Setting CVar [[r.DOF.Recombine.Quality:1                ; cheap slight out of focus]]
[2019.10.14-17.40.18:164][  0]LogConfig: Setting CVar [[r.DOF.Recombine.EnableBokehSettings:0    ; no bokeh simulation on slight out of focus]]
[2019.10.14-17.40.18:164][  0]LogConfig: Setting CVar [[r.DOF.TemporalAAQuality:1                ; more stable temporal accumulation]]
[2019.10.14-17.40.18:164][  0]LogConfig: Setting CVar [[r.DOF.Kernel.MaxForegroundRadius:0.025]]
[2019.10.14-17.40.18:164][  0]LogConfig: Setting CVar [[r.DOF.Kernel.MaxBackgroundRadius:0.025]]
[2019.10.14-17.40.18:164][  0]LogConfig: Applying CVar settings from Section [TextureQuality@3] File [C:/Users/ldh94/Desktop/Chapter5/Saved/Config/Windows/Scalability.ini]
[2019.10.14-17.40.18:164][  0]LogConfig: Setting CVar [[r.Streaming.MipBias:0]]
[2019.10.14-17.40.18:164][  0]LogConfig: Setting CVar [[r.Streaming.AmortizeCPUToGPUCopy:0]]
[2019.10.14-17.40.18:164][  0]LogConfig: Setting CVar [[r.Streaming.MaxNumTexturesToStreamPerFrame:0]]
[2019.10.14-17.40.18:164][  0]LogConfig: Setting CVar [[r.Streaming.Boost:1]]
[2019.10.14-17.40.18:164][  0]LogConfig: Setting CVar [[r.MaxAnisotropy:8]]
[2019.10.14-17.40.18:165][  0]LogConfig: Setting CVar [[r.Streaming.LimitPoolSizeToVRAM:0]]
[2019.10.14-17.40.18:165][  0]LogConfig: Setting CVar [[r.Streaming.PoolSize:1000]]
[2019.10.14-17.40.18:165][  0]LogConfig: Setting CVar [[r.Streaming.MaxEffectiveScreenSize:0]]
[2019.10.14-17.40.18:165][  0]LogConfig: Applying CVar settings from Section [EffectsQuality@3] File [C:/Users/ldh94/Desktop/Chapter5/Saved/Config/Windows/Scalability.ini]
[2019.10.14-17.40.18:165][  0]LogConfig: Setting CVar [[r.TranslucencyLightingVolumeDim:64]]
[2019.10.14-17.40.18:165][  0]LogConfig: Setting CVar [[r.RefractionQuality:2]]
[2019.10.14-17.40.18:165][  0]LogConfig: Setting CVar [[r.SSR.Quality:3]]
[2019.10.14-17.40.18:165][  0]LogConfig: Setting CVar [[r.SceneColorFormat:4]]
[2019.10.14-17.40.18:165][  0]LogConfig: Setting CVar [[r.DetailMode:2]]
[2019.10.14-17.40.18:165][  0]LogConfig: Setting CVar [[r.TranslucencyVolumeBlur:1]]
[2019.10.14-17.40.18:165][  0]LogConfig: Setting CVar [[r.MaterialQualityLevel:1 ; High quality]]
[2019.10.14-17.40.18:165][  0]LogConfig: Setting CVar [[r.SSS.Scale:1]]
[2019.10.14-17.40.18:165][  0]LogConfig: Setting CVar [[r.SSS.SampleSet:2]]
[2019.10.14-17.40.18:165][  0]LogConfig: Setting CVar [[r.SSS.Quality:1]]
[2019.10.14-17.40.18:165][  0]LogConfig: Setting CVar [[r.SSS.HalfRes:1]]
[2019.10.14-17.40.18:165][  0]LogConfig: Setting CVar [[r.EmitterSpawnRateScale:1.0]]
[2019.10.14-17.40.18:165][  0]LogConfig: Setting CVar [[r.ParticleLightQuality:2]]
[2019.10.14-17.40.18:165][  0]LogConfig: Applying CVar settings from Section [FoliageQuality@3] File [C:/Users/ldh94/Desktop/Chapter5/Saved/Config/Windows/Scalability.ini]
[2019.10.14-17.40.18:165][  0]LogConfig: Setting CVar [[foliage.DensityScale:1.0]]
[2019.10.14-17.40.18:165][  0]LogConfig: Setting CVar [[grass.DensityScale:1.0]]
[2019.10.14-17.40.18:165][  0]LogInit: Selected Device Profile: [Windows]
[2019.10.14-17.40.18:165][  0]LogInit: Applying CVar settings loaded from the selected device profile: [Windows]
[2019.10.14-17.40.18:178][  0]LogHAL: Display: Platform has ~ 8 GB [8444112896 / 8589934592 / 8], which maps to Default [LargestMinGB=32, LargerMinGB=12, DefaultMinGB=8, SmallerMinGB=6, SmallestMinGB=0)
[2019.10.14-17.40.18:178][  0]LogConfig: Setting CVar [[r.Vulkan.UseRealUBs:0		; Required until we fix HLR fall-out]]
[2019.10.14-17.40.18:178][  0]LogInit: Going up to parent DeviceProfile []
[2019.10.14-17.40.18:179][  0]LogConfig: Applying CVar settings from Section [ViewDistanceQuality@3] File [C:/Users/ldh94/Desktop/Chapter5/Saved/Config/Windows/Scalability.ini]
[2019.10.14-17.40.18:179][  0]LogConfig: Setting CVar [[r.SkeletalMeshLODBias:0]]
[2019.10.14-17.40.18:179][  0]LogConfig: Setting CVar [[r.ViewDistanceScale:1.0]]
[2019.10.14-17.40.18:179][  0]LogConfig: Applying CVar settings from Section [AntiAliasingQuality@3] File [C:/Users/ldh94/Desktop/Chapter5/Saved/Config/Windows/Scalability.ini]
[2019.10.14-17.40.18:179][  0]LogConfig: Setting CVar [[r.PostProcessAAQuality:4]]
[2019.10.14-17.40.18:179][  0]LogConfig: Applying CVar settings from Section [ShadowQuality@3] File [C:/Users/ldh94/Desktop/Chapter5/Saved/Config/Windows/Scalability.ini]
[2019.10.14-17.40.18:179][  0]LogConfig: Setting CVar [[r.LightFunctionQuality:1]]
[2019.10.14-17.40.18:179][  0]LogConfig: Setting CVar [[r.ShadowQuality:5]]
[2019.10.14-17.40.18:179][  0]LogConfig: Setting CVar [[r.Shadow.CSM.MaxCascades:10]]
[2019.10.14-17.40.18:179][  0]LogConfig: Setting CVar [[r.Shadow.MaxResolution:2048]]
[2019.10.14-17.40.18:179][  0]LogConfig: Setting CVar [[r.Shadow.MaxCSMResolution:2048]]
[2019.10.14-17.40.18:179][  0]LogConfig: Setting CVar [[r.Shadow.RadiusThreshold:0.01]]
[2019.10.14-17.40.18:179][  0]LogConfig: Setting CVar [[r.Shadow.DistanceScale:1.0]]
[2019.10.14-17.40.18:179][  0]LogConfig: Setting CVar [[r.Shadow.CSM.TransitionScale:1.0]]
[2019.10.14-17.40.18:180][  0]LogConfig: Setting CVar [[r.Shadow.PreShadowResolutionFactor:1.0]]
[2019.10.14-17.40.18:180][  0]LogConfig: Setting CVar [[r.DistanceFieldShadowing:1]]
[2019.10.14-17.40.18:180][  0]LogConfig: Setting CVar [[r.DistanceFieldAO:1]]
[2019.10.14-17.40.18:180][  0]LogConfig: Setting CVar [[r.AOQuality:2]]
[2019.10.14-17.40.18:180][  0]LogConfig: Setting CVar [[r.VolumetricFog:1]]
[2019.10.14-17.40.18:180][  0]LogConfig: Setting CVar [[r.VolumetricFog.GridPixelSize:8]]
[2019.10.14-17.40.18:180][  0]LogConfig: Setting CVar [[r.VolumetricFog.GridSizeZ:128]]
[2019.10.14-17.40.18:180][  0]LogConfig: Setting CVar [[r.VolumetricFog.HistoryMissSupersampleCount:4]]
[2019.10.14-17.40.18:180][  0]LogConfig: Setting CVar [[r.LightMaxDrawDistanceScale:1]]
[2019.10.14-17.40.18:180][  0]LogConfig: Setting CVar [[r.CapsuleShadows:1]]
[2019.10.14-17.40.18:180][  0]LogConfig: Applying CVar settings from Section [PostProcessQuality@3] File [C:/Users/ldh94/Desktop/Chapter5/Saved/Config/Windows/Scalability.ini]
[2019.10.14-17.40.18:180][  0]LogConfig: Setting CVar [[r.MotionBlurQuality:4]]
[2019.10.14-17.40.18:180][  0]LogConfig: Setting CVar [[r.AmbientOcclusionMipLevelFactor:0.4]]
[2019.10.14-17.40.18:180][  0]LogConfig: Setting CVar [[r.AmbientOcclusionMaxQuality:100]]
[2019.10.14-17.40.18:180][  0]LogConfig: Setting CVar [[r.AmbientOcclusionLevels:-1]]
[2019.10.14-17.40.18:180][  0]LogConfig: Setting CVar [[r.AmbientOcclusionRadiusScale:1.0]]
[2019.10.14-17.40.18:180][  0]LogConfig: Setting CVar [[r.DepthOfFieldQuality:2]]
[2019.10.14-17.40.18:181][  0]LogConfig: Setting CVar [[r.RenderTargetPoolMin:400]]
[2019.10.14-17.40.18:181][  0]LogConfig: Setting CVar [[r.LensFlareQuality:2]]
[2019.10.14-17.40.18:181][  0]LogConfig: Setting CVar [[r.SceneColorFringeQuality:1]]
[2019.10.14-17.40.18:181][  0]LogConfig: Setting CVar [[r.EyeAdaptationQuality:2]]
[2019.10.14-17.40.18:181][  0]LogConfig: Setting CVar [[r.BloomQuality:5]]
[2019.10.14-17.40.18:181][  0]LogConfig: Setting CVar [[r.FastBlurThreshold:100]]
[2019.10.14-17.40.18:181][  0]LogConfig: Setting CVar [[r.Upscale.Quality:3]]
[2019.10.14-17.40.18:181][  0]LogConfig: Setting CVar [[r.Tonemapper.GrainQuantization:1]]
[2019.10.14-17.40.18:181][  0]LogConfig: Setting CVar [[r.LightShaftQuality:1]]
[2019.10.14-17.40.18:181][  0]LogConfig: Setting CVar [[r.Filter.SizeScale:1]]
[2019.10.14-17.40.18:181][  0]LogConfig: Setting CVar [[r.Tonemapper.Quality:5]]
[2019.10.14-17.40.18:181][  0]LogConfig: Setting CVar [[r.DOF.Gather.AccumulatorQuality:1        ; higher gathering accumulator quality]]
[2019.10.14-17.40.18:181][  0]LogConfig: Setting CVar [[r.DOF.Gather.PostfilterMethod:1          ; Median3x3 postfilering method]]
[2019.10.14-17.40.18:181][  0]LogConfig: Setting CVar [[r.DOF.Gather.EnableBokehSettings:0       ; no bokeh simulation when gathering]]
[2019.10.14-17.40.18:181][  0]LogConfig: Setting CVar [[r.DOF.Gather.RingCount:4                 ; medium number of samples when gathering]]
[2019.10.14-17.40.18:181][  0]LogConfig: Setting CVar [[r.DOF.Scatter.ForegroundCompositing:1    ; additive foreground scattering]]
[2019.10.14-17.40.18:181][  0]LogConfig: Setting CVar [[r.DOF.Scatter.BackgroundCompositing:2    ; additive background scattering]]
[2019.10.14-17.40.18:181][  0]LogConfig: Setting CVar [[r.DOF.Scatter.EnableBokehSettings:1      ; bokeh simulation when scattering]]
[2019.10.14-17.40.18:181][  0]LogConfig: Setting CVar [[r.DOF.Scatter.MaxSpriteRatio:0.1         ; only a maximum of 10% of scattered bokeh]]
[2019.10.14-17.40.18:182][  0]LogConfig: Setting CVar [[r.DOF.Recombine.Quality:1                ; cheap slight out of focus]]
[2019.10.14-17.40.18:182][  0]LogConfig: Setting CVar [[r.DOF.Recombine.EnableBokehSettings:0    ; no bokeh simulation on slight out of focus]]
[2019.10.14-17.40.18:182][  0]LogConfig: Setting CVar [[r.DOF.TemporalAAQuality:1                ; more stable temporal accumulation]]
[2019.10.14-17.40.18:182][  0]LogConfig: Setting CVar [[r.DOF.Kernel.MaxForegroundRadius:0.025]]
[2019.10.14-17.40.18:182][  0]LogConfig: Setting CVar [[r.DOF.Kernel.MaxBackgroundRadius:0.025]]
[2019.10.14-17.40.18:182][  0]LogConfig: Applying CVar settings from Section [TextureQuality@3] File [C:/Users/ldh94/Desktop/Chapter5/Saved/Config/Windows/Scalability.ini]
[2019.10.14-17.40.18:182][  0]LogConfig: Setting CVar [[r.Streaming.MipBias:0]]
[2019.10.14-17.40.18:182][  0]LogConfig: Setting CVar [[r.Streaming.AmortizeCPUToGPUCopy:0]]
[2019.10.14-17.40.18:182][  0]LogConfig: Setting CVar [[r.Streaming.MaxNumTexturesToStreamPerFrame:0]]
[2019.10.14-17.40.18:182][  0]LogConfig: Setting CVar [[r.Streaming.Boost:1]]
[2019.10.14-17.40.18:182][  0]LogConfig: Setting CVar [[r.MaxAnisotropy:8]]
[2019.10.14-17.40.18:182][  0]LogConfig: Setting CVar [[r.Streaming.LimitPoolSizeToVRAM:0]]
[2019.10.14-17.40.18:182][  0]LogConfig: Setting CVar [[r.Streaming.PoolSize:1000]]
[2019.10.14-17.40.18:182][  0]LogConfig: Setting CVar [[r.Streaming.MaxEffectiveScreenSize:0]]
[2019.10.14-17.40.18:182][  0]LogConfig: Applying CVar settings from Section [EffectsQuality@3] File [C:/Users/ldh94/Desktop/Chapter5/Saved/Config/Windows/Scalability.ini]
[2019.10.14-17.40.18:182][  0]LogConfig: Setting CVar [[r.TranslucencyLightingVolumeDim:64]]
[2019.10.14-17.40.18:182][  0]LogConfig: Setting CVar [[r.RefractionQuality:2]]
[2019.10.14-17.40.18:182][  0]LogConfig: Setting CVar [[r.SSR.Quality:3]]
[2019.10.14-17.40.18:183][  0]LogConfig: Setting CVar [[r.SceneColorFormat:4]]
[2019.10.14-17.40.18:183][  0]LogConfig: Setting CVar [[r.DetailMode:2]]
[2019.10.14-17.40.18:183][  0]LogConfig: Setting CVar [[r.TranslucencyVolumeBlur:1]]
[2019.10.14-17.40.18:183][  0]LogConfig: Setting CVar [[r.MaterialQualityLevel:1 ; High quality]]
[2019.10.14-17.40.18:183][  0]LogConfig: Setting CVar [[r.SSS.Scale:1]]
[2019.10.14-17.40.18:183][  0]LogConfig: Setting CVar [[r.SSS.SampleSet:2]]
[2019.10.14-17.40.18:183][  0]LogConfig: Setting CVar [[r.SSS.Quality:1]]
[2019.10.14-17.40.18:183][  0]LogConfig: Setting CVar [[r.SSS.HalfRes:1]]
[2019.10.14-17.40.18:183][  0]LogConfig: Setting CVar [[r.EmitterSpawnRateScale:1.0]]
[2019.10.14-17.40.18:183][  0]LogConfig: Setting CVar [[r.ParticleLightQuality:2]]
[2019.10.14-17.40.18:183][  0]LogConfig: Applying CVar settings from Section [FoliageQuality@3] File [C:/Users/ldh94/Desktop/Chapter5/Saved/Config/Windows/Scalability.ini]
[2019.10.14-17.40.18:183][  0]LogConfig: Setting CVar [[foliage.DensityScale:1.0]]
[2019.10.14-17.40.18:183][  0]LogConfig: Setting CVar [[grass.DensityScale:1.0]]
[2019.10.14-17.40.18:183][  0]LogConfig: Applying CVar settings from Section [Startup] File [../../../Engine/Config/ConsoleVariables.ini]
[2019.10.14-17.40.18:183][  0]LogConfig: Setting CVar [[net.UseAdaptiveNetUpdateFrequency:0]]
[2019.10.14-17.40.18:184][  0]LogConfig: Setting CVar [[p.chaos.AllowCreatePhysxBodies:1]]
[2019.10.14-17.40.18:184][  0]LogConfig: Applying CVar settings from Section [ConsoleVariables] File [C:/Users/ldh94/Desktop/Chapter5/Saved/Config/Windows/Engine.ini]
[2019.10.14-17.40.18:184][  0]LogInit: Computer: DESKTOP-4VST1MF
[2019.10.14-17.40.18:184][  0]LogInit: User: ldh94
[2019.10.14-17.40.18:184][  0]LogInit: CPU Page size=4096, Cores=4
[2019.10.14-17.40.18:184][  0]LogInit: High frequency timer resolution =10.000000 MHz
[2019.10.14-17.40.18:184][  0]LogMemory: Memory total: Physical=7.9GB (8GB approx)
[2019.10.14-17.40.18:184][  0]LogMemory: Platform Memory Stats for Windows
[2019.10.14-17.40.18:184][  0]LogMemory: Process Physical Memory: 101.48 MB used, 101.49 MB peak
[2019.10.14-17.40.18:184][  0]LogMemory: Process Virtual Memory: 91.28 MB used, 91.28 MB peak
[2019.10.14-17.40.18:184][  0]LogMemory: Physical Memory: 4229.24 MB used,  3823.69 MB free, 8052.93 MB total
[2019.10.14-17.40.18:184][  0]LogMemory: Virtual Memory: 4648.88 MB used,  134213080.00 MB free, 134217728.00 MB total
[2019.10.14-17.40.18:293][  0]LogInit: Using OS detected language (ko-KR).
[2019.10.14-17.40.18:293][  0]LogInit: Using OS detected locale (ko-KR).
[2019.10.14-17.40.18:294][  0]LogTextLocalizationManager: No specific localization for 'ko-KR' exists, so the 'ko' localization will be used.
[2019.10.14-17.40.18:357][  0]LogInit: Setting process to per monitor DPI aware
[2019.10.14-17.40.18:423][  0]LogSlate: New Slate User Created.  User Index 0, Is Virtual User: 0
[2019.10.14-17.40.18:423][  0]LogSlate: Slate User Registered.  User Index 0, Is Virtual User: 0
[2019.10.14-17.40.18:556][  0]LogHMD: Failed to initialize OpenVR with code 110
[2019.10.14-17.40.18:556][  0]LogD3D11RHI: D3D11 adapters:
[2019.10.14-17.40.18:638][  0]LogD3D11RHI:    0. 'NVIDIA GeForce GTX 970' (Feature Level 11_0)
[2019.10.14-17.40.18:638][  0]LogD3D11RHI:       4043/0/4026 MB DedicatedVideo/DedicatedSystem/SharedSystem, Outputs:2, VendorId:0x10de
[2019.10.14-17.40.18:660][  0]LogD3D11RHI:    1. 'Intel(R) HD Graphics 4600' (Feature Level 11_0)
[2019.10.14-17.40.18:660][  0]LogD3D11RHI:       112/0/2048 MB DedicatedVideo/DedicatedSystem/SharedSystem, Outputs:0, VendorId:0x8086
[2019.10.14-17.40.18:666][  0]LogD3D11RHI:    2. 'Microsoft Basic Render Driver' (Feature Level 11_0)
[2019.10.14-17.40.18:666][  0]LogD3D11RHI:       0/0/4026 MB DedicatedVideo/DedicatedSystem/SharedSystem, Outputs:0, VendorId:0x1414
[2019.10.14-17.40.18:666][  0]LogD3D11RHI: Chosen D3D11 Adapter: 0
[2019.10.14-17.40.18:673][  0]LogD3D11RHI: Creating new Direct3DDevice
[2019.10.14-17.40.18:673][  0]LogD3D11RHI:     GPU DeviceId: 0x13c2 (for the marketing name, search the web for "GPU Device Id")
[2019.10.14-17.40.18:673][  0]LogWindows: EnumDisplayDevices:
[2019.10.14-17.40.18:674][  0]LogWindows:    0. 'NVIDIA GeForce GTX 970' (P:1 D:1)
[2019.10.14-17.40.18:674][  0]LogWindows:    1. 'NVIDIA GeForce GTX 970' (P:0 D:1)
[2019.10.14-17.40.18:674][  0]LogWindows:    2. 'NVIDIA GeForce GTX 970' (P:0 D:0)
[2019.10.14-17.40.18:675][  0]LogWindows:    3. 'NVIDIA GeForce GTX 970' (P:0 D:0)
[2019.10.14-17.40.18:675][  0]LogWindows:    4. 'Intel(R) HD Graphics 4600' (P:0 D:0)
[2019.10.14-17.40.18:675][  0]LogWindows:    5. 'Intel(R) HD Graphics 4600' (P:0 D:0)
[2019.10.14-17.40.18:675][  0]LogWindows:    6. 'Intel(R) HD Graphics 4600' (P:0 D:0)
[2019.10.14-17.40.18:676][  0]LogWindows: DebugString: PrimaryIsNotTheChoosenAdapter PrimaryIsNotTheChoosenAdapter PrimaryIsNotTheChoosenAdapter FoundDriverCount:4 
[2019.10.14-17.40.18:676][  0]LogD3D11RHI:     Adapter Name: NVIDIA GeForce GTX 970
[2019.10.14-17.40.18:676][  0]LogD3D11RHI:   Driver Version: 436.30 (internal:26.21.14.3630, unified:436.30)
[2019.10.14-17.40.18:676][  0]LogD3D11RHI:      Driver Date: 9-5-2019
[2019.10.14-17.40.18:676][  0]LogRHI: Texture pool is 2830 MB (70% of 4043 MB)
[2019.10.14-17.40.18:720][  0]LogD3D11RHI: Async texture creation enabled
[2019.10.14-17.40.18:725][  0]LogRendererCore: FGlobalReadBuffer::InitRHI
[2019.10.14-17.40.18:725][  0]LogRendererCore: FGlobalReadBuffer::InitRHI
[2019.10.14-17.40.18:725][  0]LogRendererCore: FGlobalReadBuffer::InitRHI
[2019.10.14-17.40.18:733][  0]LogD3D11RHI: GPU Timing Frequency: 1000.000000 (Debug: 2 1)
[2019.10.14-17.40.19:068][  0]LogTemp: Display: Module 'AllDesktopTargetPlatform' loaded TargetPlatform 'AllDesktop'
[2019.10.14-17.40.19:086][  0]LogTemp: Display: Module 'MacClientTargetPlatform' loaded TargetPlatform 'MacClient'
[2019.10.14-17.40.19:104][  0]LogTemp: Display: Module 'MacNoEditorTargetPlatform' loaded TargetPlatform 'MacNoEditor'
[2019.10.14-17.40.19:121][  0]LogTemp: Display: Module 'MacServerTargetPlatform' loaded TargetPlatform 'MacServer'
[2019.10.14-17.40.19:136][  0]LogTemp: Display: Module 'MacTargetPlatform' loaded TargetPlatform 'Mac'
[2019.10.14-17.40.19:151][  0]LogTemp: Display: Module 'WindowsClientTargetPlatform' loaded TargetPlatform 'WindowsClient'
[2019.10.14-17.40.19:164][  0]LogTemp: Display: Module 'WindowsNoEditorTargetPlatform' loaded TargetPlatform 'WindowsNoEditor'
[2019.10.14-17.40.19:178][  0]LogTemp: Display: Module 'WindowsServerTargetPlatform' loaded TargetPlatform 'WindowsServer'
[2019.10.14-17.40.19:187][  0]LogTemp: Display: Module 'WindowsTargetPlatform' loaded TargetPlatform 'Windows'
[2019.10.14-17.40.19:258][  0]LogTemp: Display: Module 'AndroidTargetPlatform' loaded TargetPlatform 'Android'
[2019.10.14-17.40.19:258][  0]LogTemp: Display: Module 'AndroidTargetPlatform' loaded TargetPlatform 'Android_ASTC'
[2019.10.14-17.40.19:258][  0]LogTemp: Display: Module 'AndroidTargetPlatform' loaded TargetPlatform 'Android_ATC'
[2019.10.14-17.40.19:258][  0]LogTemp: Display: Module 'AndroidTargetPlatform' loaded TargetPlatform 'Android_DXT'
[2019.10.14-17.40.19:258][  0]LogTemp: Display: Module 'AndroidTargetPlatform' loaded TargetPlatform 'Android_ETC1'
[2019.10.14-17.40.19:258][  0]LogTemp: Display: Module 'AndroidTargetPlatform' loaded TargetPlatform 'Android_ETC1a'
[2019.10.14-17.40.19:258][  0]LogTemp: Display: Module 'AndroidTargetPlatform' loaded TargetPlatform 'Android_ETC2'
[2019.10.14-17.40.19:258][  0]LogTemp: Display: Module 'AndroidTargetPlatform' loaded TargetPlatform 'Android_PVRTC'
[2019.10.14-17.40.19:258][  0]LogTemp: Display: Module 'AndroidTargetPlatform' loaded TargetPlatform 'AndroidClient'
[2019.10.14-17.40.19:258][  0]LogTemp: Display: Module 'AndroidTargetPlatform' loaded TargetPlatform 'Android_ASTCClient'
[2019.10.14-17.40.19:258][  0]LogTemp: Display: Module 'AndroidTargetPlatform' loaded TargetPlatform 'Android_ATCClient'
[2019.10.14-17.40.19:259][  0]LogTemp: Display: Module 'AndroidTargetPlatform' loaded TargetPlatform 'Android_DXTClient'
[2019.10.14-17.40.19:259][  0]LogTemp: Display: Module 'AndroidTargetPlatform' loaded TargetPlatform 'Android_ETC1Client'
[2019.10.14-17.40.19:259][  0]LogTemp: Display: Module 'AndroidTargetPlatform' loaded TargetPlatform 'Android_ETC1aClient'
[2019.10.14-17.40.19:259][  0]LogTemp: Display: Module 'AndroidTargetPlatform' loaded TargetPlatform 'Android_ETC2Client'
[2019.10.14-17.40.19:259][  0]LogTemp: Display: Module 'AndroidTargetPlatform' loaded TargetPlatform 'Android_PVRTCClient'
[2019.10.14-17.40.19:259][  0]LogTemp: Display: Module 'AndroidTargetPlatform' loaded TargetPlatform 'Android_Multi'
[2019.10.14-17.40.19:259][  0]LogTemp: Display: Module 'AndroidTargetPlatform' loaded TargetPlatform 'Android_MultiClient'
[2019.10.14-17.40.19:262][  0]LogTemp: Display: Module 'HTML5TargetPlatform' loaded TargetPlatform 'HTML5'
[2019.10.14-17.40.19:317][  0]LogTemp: Display: Module 'IOSTargetPlatform' loaded TargetPlatform 'IOSClient'
[2019.10.14-17.40.19:317][  0]LogTemp: Display: Module 'IOSTargetPlatform' loaded TargetPlatform 'IOS'
[2019.10.14-17.40.19:340][  0]LogTemp: Display: Module 'TVOSTargetPlatform' loaded TargetPlatform 'TVOSClient'
[2019.10.14-17.40.19:341][  0]LogTemp: Display: Module 'TVOSTargetPlatform' loaded TargetPlatform 'TVOS'
[2019.10.14-17.40.19:353][  0]LogTemp: Display: Module 'LinuxClientTargetPlatform' loaded TargetPlatform 'LinuxClient'
[2019.10.14-17.40.19:366][  0]LogTemp: Display: Module 'LinuxNoEditorTargetPlatform' loaded TargetPlatform 'LinuxNoEditor'
[2019.10.14-17.40.19:378][  0]LogTemp: Display: Module 'LinuxServerTargetPlatform' loaded TargetPlatform 'LinuxServer'
[2019.10.14-17.40.19:393][  0]LogTemp: Display: Module 'LinuxTargetPlatform' loaded TargetPlatform 'Linux'
[2019.10.14-17.40.19:436][  0]LogTemp: Display: Module 'LuminTargetPlatform' loaded TargetPlatform 'Lumin'
[2019.10.14-17.40.19:436][  0]LogTemp: Display: Module 'LuminTargetPlatform' loaded TargetPlatform 'LuminClient'
[2019.10.14-17.40.19:436][  0]LogTargetPlatformManager: Display: Building Assets For Windows
[2019.10.14-17.40.19:451][  0]LogAudioDebug: Display: Lib vorbis DLL was dynamically loaded.
[2019.10.14-17.40.19:538][  0]LogShaderCompilers: Guid format shader working directory is 14 characters bigger than the processId version (C:/Users/ldh94/Desktop/Chapter5/Intermediate/Shaders/WorkingDirectory/11600/).
[2019.10.14-17.40.19:538][  0]LogShaderCompilers: Cleaned the shader compiler working directory 'C:/Users/ldh94/AppData/Local/Temp/UnrealShaderWorkingDir/710FE0864F2D0FE94E8A378BA1694ABA/'.
[2019.10.14-17.40.19:541][  0]LogXGEController: Cannot use XGE Controller as Incredibuild is not installed on this machine.
[2019.10.14-17.40.19:541][  0]LogShaderCompilers: Cannot use XGE Shader Compiler as Incredibuild is not installed on this machine.
[2019.10.14-17.40.19:541][  0]LogShaderCompilers: Display: Using Local Shader Compiler.
[2019.10.14-17.40.20:059][  0]LogDerivedDataCache: Display: Max Cache Size: 512 MB
[2019.10.14-17.40.20:137][  0]LogDerivedDataCache: Loaded boot cache 0.08s 82MB C:/Users/ldh94/AppData/Local/UnrealEngine/4.22/DerivedDataCache/Boot.ddc.
[2019.10.14-17.40.20:137][  0]LogDerivedDataCache: Display: Loaded Boot cache: C:/Users/ldh94/AppData/Local/UnrealEngine/4.22/DerivedDataCache/Boot.ddc
[2019.10.14-17.40.20:137][  0]LogDerivedDataCache: FDerivedDataBackendGraph:  Pak pak cache file C:/Users/ldh94/Desktop/Chapter5/DerivedDataCache/DDC.ddp not found, will not use a pak cache.
[2019.10.14-17.40.20:137][  0]LogDerivedDataCache: Unable to find inner node Pak for hierarchical cache Hierarchy.
[2019.10.14-17.40.20:138][  0]LogDerivedDataCache: FDerivedDataBackendGraph:  CompressedPak pak cache file C:/Users/ldh94/Desktop/Chapter5/DerivedDataCache/Compressed.ddp not found, will not use a pak cache.
[2019.10.14-17.40.20:138][  0]LogDerivedDataCache: Unable to find inner node CompressedPak for hierarchical cache Hierarchy.
[2019.10.14-17.40.20:149][  0]LogDerivedDataCache: Display: Pak cache opened for reading ../../../Engine/DerivedDataCache/Compressed.ddp.
[2019.10.14-17.40.20:149][  0]LogDerivedDataCache: FDerivedDataBackendGraph:  EnterprisePak pak cache file ../../../Enterprise/DerivedDataCache/Compressed.ddp not found, will not use a pak cache.
[2019.10.14-17.40.20:149][  0]LogDerivedDataCache: Unable to find inner node EnterprisePak for hierarchical cache Hierarchy.
[2019.10.14-17.40.20:162][  0]LogDerivedDataCache: Using Local data cache path C:/Users/ldh94/AppData/Local/UnrealEngine/Common/DerivedDataCache: Writable
[2019.10.14-17.40.20:162][  0]LogDerivedDataCache: Shared data cache path not found in *engine.ini, will not use an Shared cache.
[2019.10.14-17.40.20:162][  0]LogDerivedDataCache: Unable to find inner node Shared for hierarchical cache Hierarchy.
[2019.10.14-17.40.20:184][  0]LogMaterial: Verifying Global Shaders for PCD3D_SM5
[2019.10.14-17.40.20:185][  0]LogSlate: Using FreeType 2.6.0
[2019.10.14-17.40.20:186][  0]LogSlate: SlateFontServices - WITH_FREETYPE: 1, WITH_HARFBUZZ: 1
[2019.10.14-17.40.20:259][  0]LogAssetRegistry: FAssetRegistry took 0.0339 seconds to start up
[2019.10.14-17.40.20:562][  0]LogInit: Selected Device Profile: [Windows]
[2019.10.14-17.40.20:696][  0]LogMeshReduction: Using QuadricMeshReduction for automatic static mesh reduction
[2019.10.14-17.40.20:696][  0]LogMeshReduction: Using SimplygonMeshReduction for automatic skeletal mesh reduction
[2019.10.14-17.40.20:696][  0]LogMeshReduction: Using ProxyLODMeshReduction for automatic mesh merging
[2019.10.14-17.40.20:696][  0]LogMeshReduction: No distributed automatic mesh merging module available
[2019.10.14-17.40.20:697][  0]LogMeshMerging: No distributed automatic mesh merging module available
[2019.10.14-17.40.20:707][  0]LogNetVersion: ArenaBattle 1.0.0, NetCL: 5660361, EngineNetVer: 10, GameNetVer: 0 (Checksum: 815535894)
[2019.10.14-17.40.21:076][  0]LogPackageLocalizationCache: Processed 10 localized package path(s) for 1 prioritized culture(s) in 0.045733 seconds
[2019.10.14-17.40.21:082][  0]LogUObjectArray: 42205 objects as part of root set at end of initial load.
[2019.10.14-17.40.21:082][  0]LogUObjectAllocator: 7325032 out of 0 bytes used by permanent object pool.
[2019.10.14-17.40.21:082][  0]LogUObjectArray: CloseDisregardForGC: 0/0 objects in disregard for GC pool
[2019.10.14-17.40.21:943][  0]LogTcpMessaging: Initializing TcpMessaging bridge
[2019.10.14-17.40.21:960][  0]LogUdpMessaging: Initializing bridge on interface 0.0.0.0:0 to multicast group 230.0.0.1:6666.
[2019.10.14-17.40.32:757][  0]SourceControl: 소스 컨트롤이 꺼져 있습니다.
[2019.10.14-17.40.32:757][  0]SourceControl: 소스 컨트롤이 꺼져 있습니다.
[2019.10.14-17.40.32:760][  0]SourceControl: 소스 컨트롤이 꺼져 있습니다.
[2019.10.14-17.40.32:762][  0]SourceControl: 소스 컨트롤이 꺼져 있습니다.
[2019.10.14-17.40.32:863][  0]LogAndroidPermission: UAndroidPermissionCallbackProxy::GetInstance
[2019.10.14-17.40.32:995][  0]LogOcInput: OculusInput pre-init called
[2019.10.14-17.40.34:043][  0]LogEngine: Initializing Engine...
[2019.10.14-17.40.34:044][  0]LogHMD: Failed to initialize OpenVR with code 110
[2019.10.14-17.40.34:046][  0]LogStats: UGameplayTagsManager::InitializeManager -  0.000 s
[2019.10.14-17.40.35:043][  0]LogInit: Initializing FReadOnlyCVARCache
[2019.10.14-17.40.35:172][  0]LogAIModule: Creating AISystem for world Untitled
[2019.10.14-17.40.35:273][  0]LogInit: XAudio2 using '스피커(High Definition Audio Device)' : 2 channels at 44.1 kHz using 16 bits per sample (channel mask 0x3)
[2019.10.14-17.40.35:298][  0]LogInit: FAudioDevice initialized.
[2019.10.14-17.40.35:298][  0]LogNetVersion: Set ProjectVersion to 1.0.0.0. Version Checksum will be recalculated on next use.
[2019.10.14-17.40.35:480][  0]LogDerivedDataCache: Saved boot cache 0.18s 71MB C:/Users/ldh94/AppData/Local/UnrealEngine/4.22/DerivedDataCache/Boot.ddc.
[2019.10.14-17.40.35:491][  0]LogInit: Texture streaming: Enabled
[2019.10.14-17.40.35:648][  0]LogEngineSessionManager: EngineSessionManager initialized
[2019.10.14-17.40.35:755][  0]LogInit: Transaction tracking system initialized
[2019.10.14-17.40.36:058][  0]BlueprintLog: New page: 에디터 로드
[2019.10.14-17.40.37:247][  0]LocalizationService: 현지화 서비스가 비활성화되었습니다.
[2019.10.14-17.40.39:610][  0]LogCook: Display: Max memory allowance for cook 16384mb min free memory 0mb
[2019.10.14-17.40.39:611][  0]LogCook: Display: Mobile HDR setting 1
[2019.10.14-17.40.40:543][  0]LogFileCache: Scanning file cache for directory 'C:/Users/ldh94/Desktop/Chapter5/Content/' took 0.07s
[2019.10.14-17.40.42:700][  0]SourceControl: 소스 컨트롤이 꺼져 있습니다.
[2019.10.14-17.40.42:701][  0]Cmd: MAP LOAD FILE="C:/Users/ldh94/Desktop/Chapter5/Content/Book/Maps/Step2.umap" TEMPLATE=0 SHOWPROGRESS=1 FEATURELEVEL=3
[2019.10.14-17.40.42:710][  0]LightingResults: New page: 라이팅 빌드
[2019.10.14-17.40.42:728][  0]MapCheck: New page: 맵 체크
[2019.10.14-17.40.42:728][  0]LightingResults: New page: 라이팅 빌드
[2019.10.14-17.40.42:767][  0]LogUObjectHash: Compacting FUObjectHashTables data took   1.81ms
[2019.10.14-17.40.43:280][  0]LogAIModule: Creating AISystem for world Step2
[2019.10.14-17.40.43:299][  0]LogEditorServer: Finished looking for orphan Actors (0.000 secs)
[2019.10.14-17.40.43:326][  0]LogUObjectHash: Compacting FUObjectHashTables data took   1.85ms
[2019.10.14-17.40.43:326][  0]Cmd: MAP CHECKDEP NOCLEARLOG
[2019.10.14-17.40.43:326][  0]MapCheck: 맵 체크 완료: 오류 0 회, 경고 0 회, 소요 시간 0.167ms.
[2019.10.14-17.40.43:326][  0]LogFileHelpers: Loading map 'Step2' took 0.625
[2019.10.14-17.40.43:514][  0]LogSlate: Updating window title bar state: overlay mode, drag disabled, window buttons hidden, title bar hidden
[2019.10.14-17.40.43:521][  0]LogSlate: Updating window title bar state: overlay mode, drag disabled, window buttons hidden, title bar hidden
[2019.10.14-17.40.43:528][  0]LogSlate: Updating window title bar state: overlay mode, drag disabled, window buttons hidden, title bar hidden
[2019.10.14-17.40.43:535][  0]LogSlate: Updating window title bar state: overlay mode, drag disabled, window buttons hidden, title bar hidden
[2019.10.14-17.40.43:600][  0]LogCollectionManager: Loaded 0 collections in 0.002530 seconds
[2019.10.14-17.40.43:632][  0]LogFileCache: Scanning file cache for directory 'C:/Users/ldh94/Desktop/Chapter5/Saved/Collections/' took 0.02s
[2019.10.14-17.40.43:633][  0]LogFileCache: Scanning file cache for directory 'C:/Users/ldh94/Desktop/Chapter5/Content/Developers/ldh94/Collections/' took 0.00s
[2019.10.14-17.40.43:633][  0]LogFileCache: Scanning file cache for directory 'C:/Users/ldh94/Desktop/Chapter5/Content/Collections/' took 0.00s
[2019.10.14-17.40.43:633][  0]LogCollectionManager: Rebuilt the GUID cache for 0 collections in 0.000000 seconds
[2019.10.14-17.40.43:641][  0]LogContentBrowser: Native class hierarchy populated in 0.0086 seconds. Added 2736 classes and 661 folders.
[2019.10.14-17.40.43:668][  0]LogContentBrowser: Native class hierarchy updated for 'WidgetCarousel' in 0.0004 seconds. Added 0 classes and 0 folders.
[2019.10.14-17.40.43:686][  0]LogPakFile: Registered encryption key '00000000000000000000000000000000': 0 pak files mounted, 0 remain pending
[2019.10.14-17.40.43:754][  0]LogPakFile: Registered encryption key '00000000000000000000000000000000': 0 pak files mounted, 0 remain pending
[2019.10.14-17.40.43:825][  0]LogPakFile: Registered encryption key '00000000000000000000000000000000': 0 pak files mounted, 0 remain pending
[2019.10.14-17.40.43:857][  0]LogPakFile: Registered encryption key '00000000000000000000000000000000': 0 pak files mounted, 0 remain pending
[2019.10.14-17.40.43:876][  0]LogPakFile: Registered encryption key '00000000000000000000000000000000': 0 pak files mounted, 0 remain pending
[2019.10.14-17.40.43:891][  0]LogPakFile: Registered encryption key '00000000000000000000000000000000': 0 pak files mounted, 0 remain pending
[2019.10.14-17.40.43:908][  0]LogPakFile: Registered encryption key '00000000000000000000000000000000': 0 pak files mounted, 0 remain pending
[2019.10.14-17.40.43:922][  0]LogPakFile: Registered encryption key '00000000000000000000000000000000': 0 pak files mounted, 0 remain pending
[2019.10.14-17.40.43:940][  0]LogPakFile: Registered encryption key '00000000000000000000000000000000': 0 pak files mounted, 0 remain pending
[2019.10.14-17.40.43:952][  0]LogPakFile: Registered encryption key '00000000000000000000000000000000': 0 pak files mounted, 0 remain pending
[2019.10.14-17.40.43:963][  0]LogPakFile: Registered encryption key '00000000000000000000000000000000': 0 pak files mounted, 0 remain pending
[2019.10.14-17.40.43:974][  0]LogPakFile: Registered encryption key '00000000000000000000000000000000': 0 pak files mounted, 0 remain pending
[2019.10.14-17.40.43:989][  0]LogPakFile: Registered encryption key '00000000000000000000000000000000': 0 pak files mounted, 0 remain pending
[2019.10.14-17.40.44:002][  0]LogPakFile: Registered encryption key '00000000000000000000000000000000': 0 pak files mounted, 0 remain pending
[2019.10.14-17.40.44:014][  0]LogPakFile: Registered encryption key '00000000000000000000000000000000': 0 pak files mounted, 0 remain pending
[2019.10.14-17.40.44:030][  0]LogPakFile: Registered encryption key '00000000000000000000000000000000': 0 pak files mounted, 0 remain pending
[2019.10.14-17.40.44:099][  0]LogPakFile: Registered encryption key '00000000000000000000000000000000': 0 pak files mounted, 0 remain pending
[2019.10.14-17.40.44:117][  0]LogPakFile: Registered encryption key '00000000000000000000000000000000': 0 pak files mounted, 0 remain pending
[2019.10.14-17.40.44:129][  0]LogPakFile: Registered encryption key '00000000000000000000000000000000': 0 pak files mounted, 0 remain pending
[2019.10.14-17.40.44:138][  0]LogPakFile: Registered encryption key '00000000000000000000000000000000': 0 pak files mounted, 0 remain pending
[2019.10.14-17.40.44:164][  0]LogPakFile: Registered encryption key '00000000000000000000000000000000': 0 pak files mounted, 0 remain pending
[2019.10.14-17.40.44:184][  0]LogPakFile: Registered encryption key '00000000000000000000000000000000': 0 pak files mounted, 0 remain pending
[2019.10.14-17.40.44:210][  0]LogPakFile: Registered encryption key '00000000000000000000000000000000': 0 pak files mounted, 0 remain pending
[2019.10.14-17.40.44:235][  0]LogPakFile: Registered encryption key '00000000000000000000000000000000': 0 pak files mounted, 0 remain pending
[2019.10.14-17.40.44:259][  0]LogPakFile: Registered encryption key '00000000000000000000000000000000': 0 pak files mounted, 0 remain pending
[2019.10.14-17.40.44:276][  0]LogPakFile: Registered encryption key '00000000000000000000000000000000': 0 pak files mounted, 0 remain pending
[2019.10.14-17.40.45:475][  0]LogContentBrowser: Native class hierarchy updated for 'AddContentDialog' in 0.0013 seconds. Added 0 classes and 0 folders.
[2019.10.14-17.40.45:565][  0]LogContentBrowser: Native class hierarchy updated for 'SceneOutliner' in 0.0008 seconds. Added 1 classes and 2 folders.
[2019.10.14-17.40.45:604][  0]LogSlate: Took 0.013043 seconds to synchronously load lazily loaded font '../../../Engine/Content/Slate/Fonts/Roboto-Regular.ttf' (155K)
[2019.10.14-17.40.45:665][  0]LogSlate: Took 0.059134 seconds to synchronously load lazily loaded font '../../../Engine/Content/Editor/Slate/Fonts/NanumGothic.ttf' (4243K)
[2019.10.14-17.40.45:730][  0]LogSlate: Took 0.058082 seconds to synchronously load lazily loaded font '../../../Engine/Content/Editor/Slate/Fonts/NanumGothicBold.ttf' (4188K)
[2019.10.14-17.40.45:760][  0]LogSlate: Took 0.029998 seconds to synchronously load lazily loaded font '../../../Engine/Content/Slate/Fonts/Roboto-Bold.ttf' (160K)
[2019.10.14-17.40.45:780][  0]LogSlate: Took 0.017146 seconds to synchronously load lazily loaded font '../../../Engine/Content/Editor/Slate/Fonts/FontAwesome.ttf' (139K)
[2019.10.14-17.40.46:003][  0]LogRenderer: Reallocating scene render targets to support 1528x572 Format 10 NumSamples 1 (Frame:1).
[2019.10.14-17.40.46:173][  0]LogContentBrowser: Native class hierarchy updated for 'HierarchicalLODOutliner' in 0.0004 seconds. Added 0 classes and 0 folders.
[2019.10.14-17.40.46:174][  0]LogLoad: (Engine Initialization) Total time: 29.74 seconds
[2019.10.14-17.40.46:174][  0]LogLoad: (Engine Initialization) Total Blueprint compile time: 0.00 seconds
[2019.10.14-17.40.46:212][  0]LogAssetRegistry: Asset discovery search completed in 25.9782 seconds
[2019.10.14-17.40.46:215][  0]LogCollectionManager: Rebuilt the object cache for 0 collections in 0.000000 seconds (found 0 objects)
[2019.10.14-17.40.46:215][  0]LogCollectionManager: Fixed up redirectors for 0 collections in 0.000113 seconds (updated 0 objects)
[2019.10.14-17.40.46:216][  0]LogContentStreaming: Texture pool size now 1000 MB
[2019.10.14-17.40.46:254][  0]LogSlate: Took 0.011657 seconds to synchronously load lazily loaded font '../../../Engine/Content/Slate/Fonts/Roboto-Light.ttf' (167K)
[2019.10.14-17.40.47:838][178]LogSlate: FSceneViewport::OnFocusLost() reason 0
[2019.10.14-17.40.47:954][192]LogTemp: Repeating last play command: 선택된 뷰포트
[2019.10.14-17.40.47:963][192]LogBlueprintUserMessages: Early PlayInEditor Detection: Level '/Game/Book/Maps/Step2.Step2:PersistentLevel' has LevelScriptBlueprint '/Game/Book/Maps/Step2.Step2:PersistentLevel.Step2' with GeneratedClass '/Game/Book/Maps/Step2.Step2_C' with ClassGeneratedBy '/Game/Book/Maps/Step2.Step2:PersistentLevel.Step2'
[2019.10.14-17.40.47:963][192]LogPlayLevel: PlayLevel: No blueprints needed recompiling
[2019.10.14-17.40.47:979][192]PIE: New page: PIE 세션: Step2 (2019. 10. 15. 오전 11:40:47)
[2019.10.14-17.40.47:996][192]LogPlayLevel: Creating play world package: /Game/Book/Maps/UEDPIE_0_Step2
[2019.10.14-17.40.47:999][192]LogPlayLevel: PIE: StaticDuplicateObject took: (0.002094s)
[2019.10.14-17.40.47:999][192]LogAIModule: Creating AISystem for world Step2
[2019.10.14-17.40.47:999][192]LogPlayLevel: PIE: World Init took: (0.000663s)
[2019.10.14-17.40.48:000][192]LogPlayLevel: PIE: Created PIE world by copying editor world from /Game/Book/Maps/Step2.Step2 to /Game/Book/Maps/UEDPIE_0_Step2.Step2 (0.003286s)
[2019.10.14-17.40.48:018][192]LogUObjectHash: Compacting FUObjectHashTables data took   0.96ms
[2019.10.14-17.40.48:038][192]LogInit: XAudio2 using '스피커(High Definition Audio Device)' : 2 channels at 44.1 kHz using 16 bits per sample (channel mask 0x3)
[2019.10.14-17.40.48:048][192]LogInit: FAudioDevice initialized.
[2019.10.14-17.40.48:104][192]LogLoad: Game class is 'ABGameMode'
[2019.10.14-17.40.48:107][192]LogWorld: Bringing World /Game/Book/Maps/UEDPIE_0_Step2.Step2 up for play (max tick rate 0) at 2019.10.15-02.40.48
[2019.10.14-17.40.48:108][192]LogWorld: Bringing up level for play took: 0.001231
[2019.10.14-17.40.48:130][192]ArenaBattle: Warning: AABPlayerController::PostInitializeComponents(8)
[2019.10.14-17.40.48:131][192]ArenaBattle: Warning: AABGameMode::PostLogin(24) PostLogin Begin
[2019.10.14-17.40.48:167][192]LogContentBrowser: Native class hierarchy updated for 'MovieSceneCapture' in 0.0017 seconds. Added 20 classes and 0 folders.
[2019.10.14-17.41.05:585][192]ArenaBattle: Warning: AABGameMode::PostLogin(26) PostLogin End
[2019.10.14-17.41.05:587][192]PIE: /Game/Book/Maps/UEDPIE_0_Step2 에 대한 에디터에서 플레이 시작 시간: 16.821
[2019.10.14-17.41.05:588][192]LogBlueprintUserMessages: Late PlayInEditor Detection: Level '/Game/Book/Maps/Step2.Step2:PersistentLevel' has LevelScriptBlueprint '/Game/Book/Maps/Step2.Step2:PersistentLevel.Step2' with GeneratedClass '/Game/Book/Maps/Step2.Step2_C' with ClassGeneratedBy '/Game/Book/Maps/Step2.Step2:PersistentLevel.Step2'
[2019.10.14-17.41.08:301][380]LogBlueprintUserMessages: Early EndPlayMap Detection: Level '/Game/Book/Maps/Step2.Step2:PersistentLevel' has LevelScriptBlueprint '/Game/Book/Maps/Step2.Step2:PersistentLevel.Step2' with GeneratedClass '/Game/Book/Maps/Step2.Step2_C' with ClassGeneratedBy '/Game/Book/Maps/Step2.Step2:PersistentLevel.Step2'
[2019.10.14-17.41.08:302][380]LogSlate: Updating window title bar state: overlay mode, drag disabled, window buttons hidden, title bar hidden
[2019.10.14-17.41.08:345][380]LogPlayLevel: Display: Shutting down PIE online subsystems
[2019.10.14-17.41.08:345][380]LogBlueprintUserMessages: Late EndPlayMap Detection: Level '/Game/Book/Maps/Step2.Step2:PersistentLevel' has LevelScriptBlueprint '/Game/Book/Maps/Step2.Step2:PersistentLevel.Step2' with GeneratedClass '/Game/Book/Maps/Step2.Step2_C' with ClassGeneratedBy '/Game/Book/Maps/Step2.Step2:PersistentLevel.Step2'
[2019.10.14-17.41.08:383][380]LogSlate: Updating window title bar state: overlay mode, drag disabled, window buttons hidden, title bar hidden
[2019.10.14-17.41.08:386][380]LogUObjectHash: Compacting FUObjectHashTables data took   1.51ms
[2019.10.14-17.41.08:405][381]LogPlayLevel: Display: Destroying online subsystem :Context_1
